Using pre-set license
Built from '2022.3/release' branch; Version is '2022.3.20f1 (61c2feb0970d) revision 6406910'; Using compiler version '192829333'; Build Type 'Release'
OS: 'Windows 10  (10.0.19045) 64bit Education' Language: 'en' Physical Memory: 16319 MB
BatchMode: 1, IsHumanControllingUs: 0, StartBugReporterOnCrash: 0, Is64bit: 1, IsPro: 1

COMMAND LINE ARGUMENTS:
C:\Program Files\Unity\Hub\Editor\2022.3.20f1\Editor\Unity.exe
-adb2
-batchMode
-noUpm
-name
AssetImportWorker1
-projectPath
C:/Users/539155/FMPPROJECTFINAL
-logFile
Logs/AssetImportWorker1.log
-srvPort
58380
Successfully changed project path to: C:/Users/539155/FMPPROJECTFINAL
C:/Users/539155/FMPPROJECTFINAL
[UnityMemory] Configuration Parameters - Can be set up in boot.config
    "memorysetup-bucket-allocator-granularity=16"
    "memorysetup-bucket-allocator-bucket-count=8"
    "memorysetup-bucket-allocator-block-size=33554432"
    "memorysetup-bucket-allocator-block-count=8"
    "memorysetup-main-allocator-block-size=16777216"
    "memorysetup-thread-allocator-block-size=16777216"
    "memorysetup-gfx-main-allocator-block-size=16777216"
    "memorysetup-gfx-thread-allocator-block-size=16777216"
    "memorysetup-cache-allocator-block-size=4194304"
    "memorysetup-typetree-allocator-block-size=2097152"
    "memorysetup-profiler-bucket-allocator-granularity=16"
    "memorysetup-profiler-bucket-allocator-bucket-count=8"
    "memorysetup-profiler-bucket-allocator-block-size=33554432"
    "memorysetup-profiler-bucket-allocator-block-count=8"
    "memorysetup-profiler-allocator-block-size=16777216"
    "memorysetup-profiler-editor-allocator-block-size=1048576"
    "memorysetup-temp-allocator-size-main=16777216"
    "memorysetup-job-temp-allocator-block-size=2097152"
    "memorysetup-job-temp-allocator-block-size-background=1048576"
    "memorysetup-job-temp-allocator-reduction-small-platforms=262144"
    "memorysetup-allocator-temp-initial-block-size-main=262144"
    "memorysetup-allocator-temp-initial-block-size-worker=262144"
    "memorysetup-temp-allocator-size-background-worker=32768"
    "memorysetup-temp-allocator-size-job-worker=262144"
    "memorysetup-temp-allocator-size-preload-manager=33554432"
    "memorysetup-temp-allocator-size-nav-mesh-worker=65536"
    "memorysetup-temp-allocator-size-audio-worker=65536"
    "memorysetup-temp-allocator-size-cloud-worker=32768"
    "memorysetup-temp-allocator-size-gi-baking-worker=262144"
    "memorysetup-temp-allocator-size-gfx=262144"
Player connection [3220] Host "[IP] 172.27.172.51 [Port] 0 [Flags] 2 [Guid] 2328339326 [EditorId] 2328339326 [Version] 1048832 [Id] WindowsEditor(7,L-CB346-21227) [Debug] 1 [PackageName] WindowsEditor [ProjectName] Editor" joined multi-casting on [225.0.0.222:54997]...

Player connection [3220] Host "[IP] 172.27.172.51 [Port] 0 [Flags] 2 [Guid] 2328339326 [EditorId] 2328339326 [Version] 1048832 [Id] WindowsEditor(7,L-CB346-21227) [Debug] 1 [PackageName] WindowsEditor [ProjectName] Editor" joined alternative multi-casting on [225.0.0.222:34997]...

[Physics::Module] Initialized MultithreadedJobDispatcher with 7 workers.
Refreshing native plugins compatible for Editor in 31.85 ms, found 4 plugins.
Preloading 0 native plugins for Editor in 0.00 ms.
Initialize engine version: 2022.3.20f1 (61c2feb0970d)
[Subsystems] Discovering subsystems at path C:/Program Files/Unity/Hub/Editor/2022.3.20f1/Editor/Data/Resources/UnitySubsystems
[Subsystems] Discovering subsystems at path C:/Users/539155/FMPPROJECTFINAL/Assets
GfxDevice: creating device client; threaded=0; jobified=0
Direct3D:
    Version:  Direct3D 11.0 [level 11.1]
    Renderer: NVIDIA GeForce GTX 1650 (ID=0x1f82)
    Vendor:   NVIDIA
    VRAM:     3949 MB
    Driver:   31.0.15.3623
Initialize mono
Mono path[0] = 'C:/Program Files/Unity/Hub/Editor/2022.3.20f1/Editor/Data/Managed'
Mono path[1] = 'C:/Program Files/Unity/Hub/Editor/2022.3.20f1/Editor/Data/MonoBleedingEdge/lib/mono/unityjit-win32'
Mono config path = 'C:/Program Files/Unity/Hub/Editor/2022.3.20f1/Editor/Data/MonoBleedingEdge/etc'
Using monoOptions --debugger-agent=transport=dt_socket,embedding=1,server=y,suspend=n,address=127.0.0.1:56424
Begin MonoManager ReloadAssembly
Registering precompiled unity dll's ...
Register platform support module: C:/Program Files/Unity/Hub/Editor/2022.3.20f1/Editor/Data/PlaybackEngines/WebGLSupport/UnityEditor.WebGL.Extensions.dll
Register platform support module: C:/Program Files/Unity/Hub/Editor/2022.3.20f1/Editor/Data/PlaybackEngines/MacStandaloneSupport/UnityEditor.OSXStandalone.Extensions.dll
Register platform support module: C:/Program Files/Unity/Hub/Editor/2022.3.20f1/Editor/Data/PlaybackEngines/AndroidPlayer/UnityEditor.Android.Extensions.dll
Register platform support module: C:/Program Files/Unity/Hub/Editor/2022.3.20f1/Editor/Data/PlaybackEngines/iOSSupport/UnityEditor.iOS.Extensions.dll
Register platform support module: C:/Program Files/Unity/Hub/Editor/2022.3.20f1/Editor/Data/PlaybackEngines/AppleTVSupport/UnityEditor.AppleTV.Extensions.dll
Register platform support module: C:/Program Files/Unity/Hub/Editor/2022.3.20f1/Editor/Data/PlaybackEngines/WindowsStandaloneSupport/UnityEditor.WindowsStandalone.Extensions.dll
Register platform support module: C:/Program Files/Unity/Hub/Editor/2022.3.20f1/Editor/Data/PlaybackEngines/LinuxStandaloneSupport/UnityEditor.LinuxStandalone.Extensions.dll
Register platform support module: C:/Program Files/Unity/Hub/Editor/2022.3.20f1/Editor/Data/PlaybackEngines/MetroSupport/UnityEditor.UWP.Extensions.dll
Registered in 0.077862 seconds.
- Loaded All Assemblies, in  0.948 seconds
Native extension for UWP target not found
Native extension for LinuxStandalone target not found
Native extension for WindowsStandalone target not found
[usbmuxd] Start listen thread
[usbmuxd] Listen thread started
[usbmuxd] Send listen message
Native extension for AppleTV target not found
[usbmuxd] Start listen thread
[usbmuxd] Listen thread started
[usbmuxd] Send listen message
Native extension for iOS target not found
Native extension for Android target not found
Android Extension - Scanning For ADB Devices 540 ms
Native extension for OSXStandalone target not found
Native extension for WebGL target not found
Mono: successfully reloaded assembly
- Finished resetting the current domain, in  1.287 seconds
Domain Reload Profiling: 2228ms
	BeginReloadAssembly (225ms)
		ExecutionOrderSort (0ms)
		DisableScriptedObjects (0ms)
		BackupInstance (0ms)
		ReleaseScriptingObjects (0ms)
		CreateAndSetChildDomain (1ms)
	RebuildCommonClasses (69ms)
	RebuildNativeTypeToScriptingClass (16ms)
	initialDomainReloadingComplete (243ms)
	LoadAllAssembliesAndSetupDomain (388ms)
		LoadAssemblies (225ms)
		RebuildTransferFunctionScriptingTraits (0ms)
		AnalyzeDomain (381ms)
			TypeCache.Refresh (379ms)
				TypeCache.ScanAssembly (358ms)
			ScanForSourceGeneratedMonoScriptInfo (1ms)
			ResolveRequiredComponents (1ms)
	FinalizeReload (1287ms)
		ReleaseScriptCaches (0ms)
		RebuildScriptCaches (0ms)
		SetupLoadedEditorAssemblies (1157ms)
			LogAssemblyErrors (0ms)
			InitializePlatformSupportModulesInManaged (864ms)
			SetLoadedEditorAssemblies (8ms)
			RefreshPlugins (0ms)
			BeforeProcessingInitializeOnLoad (5ms)
			ProcessInitializeOnLoadAttributes (211ms)
			ProcessInitializeOnLoadMethodAttributes (69ms)
			AfterProcessingInitializeOnLoad (0ms)
			EditorAssembliesLoaded (0ms)
		ExecutionOrderSort2 (0ms)
		AwakeInstancesAfterBackupRestoration (0ms)
========================================================================
Worker process is ready to serve import requests
Begin MonoManager ReloadAssembly
- Loaded All Assemblies, in  1.298 seconds
Refreshing native plugins compatible for Editor in 11.92 ms, found 4 plugins.
Native extension for UWP target not found
Native extension for LinuxStandalone target not found
Native extension for WindowsStandalone target not found
Native extension for AppleTV target not found
Native extension for iOS target not found
Native extension for Android target not found
Native extension for OSXStandalone target not found
Native extension for WebGL target not found
Package Manager log level set to [2]
[Package Manager] Server::EnsureServerProcessIsRunning -- launch failed, reason: Unity was launched with the -noUpm command-line argument
[Package Manager] UpmClient::Send -- Unable to send message (not connected to UPM process).
[Package Manager] Cannot connect to Unity Package Manager local server
Mono: successfully reloaded assembly
- Finished resetting the current domain, in  1.263 seconds
Domain Reload Profiling: 2553ms
	BeginReloadAssembly (301ms)
		ExecutionOrderSort (0ms)
		DisableScriptedObjects (12ms)
		BackupInstance (0ms)
		ReleaseScriptingObjects (0ms)
		CreateAndSetChildDomain (34ms)
	RebuildCommonClasses (56ms)
	RebuildNativeTypeToScriptingClass (17ms)
	initialDomainReloadingComplete (75ms)
	LoadAllAssembliesAndSetupDomain (841ms)
		LoadAssemblies (644ms)
		RebuildTransferFunctionScriptingTraits (0ms)
		AnalyzeDomain (378ms)
			TypeCache.Refresh (311ms)
				TypeCache.ScanAssembly (280ms)
			ScanForSourceGeneratedMonoScriptInfo (45ms)
			ResolveRequiredComponents (20ms)
	FinalizeReload (1264ms)
		ReleaseScriptCaches (0ms)
		RebuildScriptCaches (0ms)
		SetupLoadedEditorAssemblies (939ms)
			LogAssemblyErrors (0ms)
			InitializePlatformSupportModulesInManaged (76ms)
			SetLoadedEditorAssemblies (6ms)
			RefreshPlugins (0ms)
			BeforeProcessingInitializeOnLoad (122ms)
			ProcessInitializeOnLoadAttributes (532ms)
			ProcessInitializeOnLoadMethodAttributes (183ms)
			AfterProcessingInitializeOnLoad (19ms)
			EditorAssembliesLoaded (0ms)
		ExecutionOrderSort2 (0ms)
		AwakeInstancesAfterBackupRestoration (12ms)
Launched and connected shader compiler UnityShaderCompiler.exe after 0.06 seconds
Refreshing native plugins compatible for Editor in 8.13 ms, found 4 plugins.
Preloading 0 native plugins for Editor in 0.00 ms.
Unloading 5670 Unused Serialized files (Serialized files now loaded: 0)
Unloading 100 unused Assets / (0.9 MB). Loaded Objects now: 6117.
Memory consumption went from 226.4 MB to 225.5 MB.
Total: 5.697600 ms (FindLiveObjects: 0.597000 ms CreateObjectMapping: 0.443400 ms MarkObjects: 3.977100 ms  DeleteObjects: 0.678500 ms)

AssetImportParameters requested are different than current active one (requested -> active):
  custom:container-demuxer-ogg: 62fdf1f143b41e24485cea50d1cbac27 -> 
  custom:video-decoder-ogg-theora: a1e56fd34408186e4bbccfd4996cb3dc -> 
  custom:framework-win-MediaFoundation: 216162199b28c13a410421893ffa2e32 -> 
  custom:CustomObjectIndexerAttribute: 62b5816608c3102f162a1797e29626cf -> 
  custom:container-demuxer-webm: 4f35f7cbe854078d1ac9338744f61a02 -> 
  custom:container-muxer-webm: aa71ff27fc2769a1b78a27578f13a17b -> 
  custom:video-decoder-webm-vp8: 9c59270c3fd7afecdb556c50c9e8de78 -> 
  custom:SearchIndexIgnoredProperties: e643bd26f0fe6173181afceb89e7c659 -> 
  custom:AudioImporter_EditorPlatform: d09bf68614088b80899f8185d706f6e7 -> 
  custom:video-encoder-webm-vp8: eb34c28f22e8b96e1ab97ce403110664 -> 
  custom:audio-decoder-ogg-vorbis: bf7c407c2cedff20999df2af8eb42d56 -> 
  custom:audio-encoder-webm-vorbis: bf7c407c2cedff20999df2af8eb42d56 -> 
========================================================================
Received Prepare
Begin MonoManager ReloadAssembly
- Loaded All Assemblies, in  1.120 seconds
Refreshing native plugins compatible for Editor in 9.34 ms, found 4 plugins.
Native extension for UWP target not found
Native extension for LinuxStandalone target not found
Native extension for WindowsStandalone target not found
Native extension for AppleTV target not found
Native extension for iOS target not found
Native extension for Android target not found
Native extension for OSXStandalone target not found
Native extension for WebGL target not found
[Package Manager] Server::EnsureServerProcessIsRunning -- launch failed, reason: Unity was launched with the -noUpm command-line argument
[Package Manager] UpmClient::Send -- Unable to send message (not connected to UPM process).
[Package Manager] Cannot connect to Unity Package Manager local server
Mono: successfully reloaded assembly
- Finished resetting the current domain, in  2.197 seconds
Domain Reload Profiling: 3310ms
	BeginReloadAssembly (309ms)
		ExecutionOrderSort (0ms)
		DisableScriptedObjects (19ms)
		BackupInstance (0ms)
		ReleaseScriptingObjects (0ms)
		CreateAndSetChildDomain (77ms)
	RebuildCommonClasses (57ms)
	RebuildNativeTypeToScriptingClass (18ms)
	initialDomainReloadingComplete (49ms)
	LoadAllAssembliesAndSetupDomain (680ms)
		LoadAssemblies (569ms)
		RebuildTransferFunctionScriptingTraits (0ms)
		AnalyzeDomain (262ms)
			TypeCache.Refresh (211ms)
				TypeCache.ScanAssembly (193ms)
			ScanForSourceGeneratedMonoScriptInfo (35ms)
			ResolveRequiredComponents (14ms)
	FinalizeReload (2198ms)
		ReleaseScriptCaches (0ms)
		RebuildScriptCaches (0ms)
		SetupLoadedEditorAssemblies (849ms)
			LogAssemblyErrors (0ms)
			InitializePlatformSupportModulesInManaged (113ms)
			SetLoadedEditorAssemblies (8ms)
			RefreshPlugins (0ms)
			BeforeProcessingInitializeOnLoad (171ms)
			ProcessInitializeOnLoadAttributes (440ms)
			ProcessInitializeOnLoadMethodAttributes (105ms)
			AfterProcessingInitializeOnLoad (12ms)
			EditorAssembliesLoaded (0ms)
		ExecutionOrderSort2 (0ms)
		AwakeInstancesAfterBackupRestoration (17ms)
Refreshing native plugins compatible for Editor in 7.35 ms, found 4 plugins.
Preloading 0 native plugins for Editor in 0.00 ms.
Unloading 5540 Unused Serialized files (Serialized files now loaded: 0)
Unloading 63 unused Assets / (0.9 MB). Loaded Objects now: 6133.
Memory consumption went from 204.9 MB to 204.1 MB.
Total: 5.408800 ms (FindLiveObjects: 0.623300 ms CreateObjectMapping: 0.381800 ms MarkObjects: 3.919900 ms  DeleteObjects: 0.482300 ms)

Prepare: number of updated asset objects reloaded= 0
AssetImportParameters requested are different than current active one (requested -> active):
  custom:container-demuxer-ogg: 62fdf1f143b41e24485cea50d1cbac27 -> 
  custom:video-decoder-ogg-theora: a1e56fd34408186e4bbccfd4996cb3dc -> 
  custom:framework-win-MediaFoundation: 216162199b28c13a410421893ffa2e32 -> 
  custom:CustomObjectIndexerAttribute: 62b5816608c3102f162a1797e29626cf -> 
  custom:container-demuxer-webm: 4f35f7cbe854078d1ac9338744f61a02 -> 
  custom:container-muxer-webm: aa71ff27fc2769a1b78a27578f13a17b -> 
  custom:video-decoder-webm-vp8: 9c59270c3fd7afecdb556c50c9e8de78 -> 
  custom:SearchIndexIgnoredProperties: e643bd26f0fe6173181afceb89e7c659 -> 
  custom:AudioImporter_EditorPlatform: d09bf68614088b80899f8185d706f6e7 -> 
  custom:video-encoder-webm-vp8: eb34c28f22e8b96e1ab97ce403110664 -> 
  custom:audio-decoder-ogg-vorbis: bf7c407c2cedff20999df2af8eb42d56 -> 
  custom:audio-encoder-webm-vorbis: bf7c407c2cedff20999df2af8eb42d56 -> 
========================================================================
Received Import Request.
  Time since last request: 10281.625544 seconds.
  path: Assets/pixel_cyberpunk_interior_free_1.0.1/pixel_cyberpunk_interior_free_1.0.1/tiles.prefab
  artifactKey: Guid(b0c0f764f3e1d8344a54e78142c1ea2a) Importer(815301076,1909f56bfc062723c751e8b465ee728b)
Start importing Assets/pixel_cyberpunk_interior_free_1.0.1/pixel_cyberpunk_interior_free_1.0.1/tiles.prefab using Guid(b0c0f764f3e1d8344a54e78142c1ea2a) Importer(815301076,1909f56bfc062723c751e8b465ee728b) In order to call GetTransformInfoExpectUpToDate, RendererUpdateManager.UpdateAll must be called first.
UnityEngine.StackTraceUtility:ExtractStackTrace ()
UnityEngine.Rendering.ScriptableRenderContext:Internal_Cull (UnityEngine.Rendering.ScriptableCullingParameters&,UnityEngine.Rendering.ScriptableRenderContext,intptr)
UnityEngine.Rendering.ScriptableRenderContext:Cull (UnityEngine.Rendering.ScriptableCullingParameters&)
UnityEngine.Rendering.Universal.UniversalRenderPipeline:RenderSingleCamera (UnityEngine.Rendering.ScriptableRenderContext,UnityEngine.Rendering.Universal.CameraData&) (at ./Library/PackageCache/com.unity.render-pipelines.universal@14.0.10/Runtime/UniversalRenderPipeline.cs:632)
UnityEngine.Rendering.Universal.UniversalRenderPipeline:RenderSingleCameraInternal (UnityEngine.Rendering.ScriptableRenderContext,UnityEngine.Camera) (at ./Library/PackageCache/com.unity.render-pipelines.universal@14.0.10/Runtime/UniversalRenderPipeline.cs:537)
UnityEngine.Rendering.Universal.UniversalRenderPipeline:Render (UnityEngine.Rendering.ScriptableRenderContext,System.Collections.Generic.List`1<UnityEngine.Camera>) (at ./Library/PackageCache/com.unity.render-pipelines.universal@14.0.10/Runtime/UniversalRenderPipeline.cs:378)
UnityEngine.Rendering.RenderPipeline:InternalRender (UnityEngine.Rendering.ScriptableRenderContext,System.Collections.Generic.List`1<UnityEngine.Camera>)
UnityEngine.Rendering.RenderPipelineManager:DoRenderLoop_Internal (UnityEngine.Rendering.RenderPipelineAsset,intptr,UnityEngine.Object,Unity.Collections.LowLevel.Unsafe.AtomicSafetyHandle)
UnityEditor.PreviewRenderUtility:Render (bool,bool)
UnityEditor.GameObjectInspector:DoRenderPreview (UnityEditor.GameObjectInspector/PreviewData)
UnityEditor.GameObjectInspector:RenderStaticPreview (string,UnityEngine.Object[],int,int)
UnityEditor.AssetPreviewUpdater:CreatePreview (UnityEngine.Object,UnityEngine.Object[],string,int,int)
UnityEditor.AssetPreviewUpdater:CreatePreviewForAsset (UnityEngine.Object,UnityEngine.Object[],string)

[./Library/PackageCache/com.unity.render-pipelines.universal@14.0.10/Runtime/UniversalRenderPipeline.cs line 632]

 -> (artifact id: '51791a8ad1f8de77cc3a44d378458c8e') in 0.687067 seconds
Number of updated asset objects reloaded before import = 0
Number of asset objects unloaded after import = 32
========================================================================
Received Import Request.
  Time since last request: 218.666256 seconds.
  path: Packages/com.unity.render-pipelines.universal/Runtime/Materials/FullscreenInvertColors.mat
  artifactKey: Guid(78a08787ca30045abb69f6f7dd878e09) Importer(815301076,1909f56bfc062723c751e8b465ee728b)
Start importing Packages/com.unity.render-pipelines.universal/Runtime/Materials/FullscreenInvertColors.mat using Guid(78a08787ca30045abb69f6f7dd878e09) Importer(815301076,1909f56bfc062723c751e8b465ee728b)  -> (artifact id: 'c349426550a0ed89ed358025094ca9b6') in 1.064562 seconds
Number of updated asset objects reloaded before import = 0
Number of asset objects unloaded after import = 3
========================================================================
Received Import Request.
  Time since last request: 0.000058 seconds.
  path: Packages/com.unity.render-pipelines.universal/Runtime/Materials/Sprite-Unlit-Default.mat
  artifactKey: Guid(9dfc825aed78fcd4ba02077103263b40) Importer(815301076,1909f56bfc062723c751e8b465ee728b)
Start importing Packages/com.unity.render-pipelines.universal/Runtime/Materials/Sprite-Unlit-Default.mat using Guid(9dfc825aed78fcd4ba02077103263b40) Importer(815301076,1909f56bfc062723c751e8b465ee728b)  -> (artifact id: '2dd12f625b30de711166a8aae8b0d305') in 0.028130 seconds
Number of updated asset objects reloaded before import = 0
Number of asset objects unloaded after import = 1
========================================================================
Received Import Request.
  Time since last request: 0.000057 seconds.
  path: Packages/com.unity.render-pipelines.universal/Runtime/Materials/SimpleLit.mat
  artifactKey: Guid(6a1143ee683302f4aa628c052723efc1) Importer(815301076,1909f56bfc062723c751e8b465ee728b)
Start importing Packages/com.unity.render-pipelines.universal/Runtime/Materials/SimpleLit.mat using Guid(6a1143ee683302f4aa628c052723efc1) Importer(815301076,1909f56bfc062723c751e8b465ee728b)  -> (artifact id: '30ef0fb08581ccd0ac95054ff138f5f5') in 0.112453 seconds
Number of updated asset objects reloaded before import = 0
Number of asset objects unloaded after import = 2
========================================================================
Received Import Request.
  Time since last request: 0.000036 seconds.
  path: Packages/com.unity.render-pipelines.universal/Runtime/Materials/SpriteMask-Default.mat
  artifactKey: Guid(15d0c3709176029428a0da2f8cecf0b5) Importer(815301076,1909f56bfc062723c751e8b465ee728b)
Start importing Packages/com.unity.render-pipelines.universal/Runtime/Materials/SpriteMask-Default.mat using Guid(15d0c3709176029428a0da2f8cecf0b5) Importer(815301076,1909f56bfc062723c751e8b465ee728b)  -> (artifact id: '216e85610bbf0feb18aab0d28dcd5827') in 0.010283 seconds
Number of updated asset objects reloaded before import = 0
Number of asset objects unloaded after import = 1
========================================================================
Received Import Request.
  Time since last request: 0.000033 seconds.
  path: Packages/com.unity.render-pipelines.universal/Runtime/Materials/Sprite-Lit-Default.mat
  artifactKey: Guid(a97c105638bdf8b4a8650670310a4cd3) Importer(815301076,1909f56bfc062723c751e8b465ee728b)
Start importing Packages/com.unity.render-pipelines.universal/Runtime/Materials/Sprite-Lit-Default.mat using Guid(a97c105638bdf8b4a8650670310a4cd3) Importer(815301076,1909f56bfc062723c751e8b465ee728b)  -> (artifact id: '0488131028b36b731c4373e463f6c1eb') in 0.010130 seconds
Number of updated asset objects reloaded before import = 0
Number of asset objects unloaded after import = 1
========================================================================
Received Import Request.
  Time since last request: 324.807680 seconds.
  path: Assets/pixel_cyberpunk_interior_free_1.0.1/pixel_cyberpunk_interior_free_1.0.1/tiles.prefab
  artifactKey: Guid(b0c0f764f3e1d8344a54e78142c1ea2a) Importer(815301076,1909f56bfc062723c751e8b465ee728b)
Start importing Assets/pixel_cyberpunk_interior_free_1.0.1/pixel_cyberpunk_interior_free_1.0.1/tiles.prefab using Guid(b0c0f764f3e1d8344a54e78142c1ea2a) Importer(815301076,1909f56bfc062723c751e8b465ee728b)  -> (artifact id: 'dc236272f9274b3e7dd57fb91313e232') in 0.024813 seconds
Number of updated asset objects reloaded before import = 0
Number of asset objects unloaded after import = 14
========================================================================
Received Import Request.
  Time since last request: 6.155717 seconds.
  path: Assets/pixel_cyberpunk_interior_free_1.0.1/pixel_cyberpunk_interior_free_1.0.1/tiles.prefab
  artifactKey: Guid(b0c0f764f3e1d8344a54e78142c1ea2a) Importer(815301076,1909f56bfc062723c751e8b465ee728b)
Start importing Assets/pixel_cyberpunk_interior_free_1.0.1/pixel_cyberpunk_interior_free_1.0.1/tiles.prefab using Guid(b0c0f764f3e1d8344a54e78142c1ea2a) Importer(815301076,1909f56bfc062723c751e8b465ee728b)  -> (artifact id: '408b0012b9d880517738b8ff58707279') in 0.013683 seconds
Number of updated asset objects reloaded before import = 0
Number of asset objects unloaded after import = 12
========================================================================
Received Import Request.
  Time since last request: 248.185672 seconds.
  path: Assets/pixel_cyberpunk_interior_free_1.0.1/pixel_cyberpunk_interior_free_1.0.1/tiles.prefab
  artifactKey: Guid(b0c0f764f3e1d8344a54e78142c1ea2a) Importer(815301076,1909f56bfc062723c751e8b465ee728b)
Start importing Assets/pixel_cyberpunk_interior_free_1.0.1/pixel_cyberpunk_interior_free_1.0.1/tiles.prefab using Guid(b0c0f764f3e1d8344a54e78142c1ea2a) Importer(815301076,1909f56bfc062723c751e8b465ee728b)  -> (artifact id: '134ff1e62b58d991cc4c84da671adc3c') in 0.035416 seconds
Number of updated asset objects reloaded before import = 0
Number of asset objects unloaded after import = 14
========================================================================
Received Import Request.
  Time since last request: 4952.994777 seconds.
  path: Assets/pixel_cyberpunk_interior_free_1.0.1/pixel_cyberpunk_interior_free_1.0.1/pixel-cyberpunk-interior_1.asset
  artifactKey: Guid(7bfac1971fc8feb4398aaf31acd5f53c) Importer(815301076,1909f56bfc062723c751e8b465ee728b)
Start importing Assets/pixel_cyberpunk_interior_free_1.0.1/pixel_cyberpunk_interior_free_1.0.1/pixel-cyberpunk-interior_1.asset using Guid(7bfac1971fc8feb4398aaf31acd5f53c) Importer(815301076,1909f56bfc062723c751e8b465ee728b)  -> (artifact id: 'b55eddc65f88739f5670742b9ed10a69') in 0.189602 seconds
Number of updated asset objects reloaded before import = 1
Number of asset objects unloaded after import = 3
========================================================================
Received Import Request.
  Time since last request: 0.000087 seconds.
  path: Assets/pixel_cyberpunk_interior_free_1.0.1/pixel_cyberpunk_interior_free_1.0.1/pixel-cyberpunk-interior_24.asset
  artifactKey: Guid(a67d468dc5cee6f4c97fd9ffb14c61c2) Importer(815301076,1909f56bfc062723c751e8b465ee728b)
Start importing Assets/pixel_cyberpunk_interior_free_1.0.1/pixel_cyberpunk_interior_free_1.0.1/pixel-cyberpunk-interior_24.asset using Guid(a67d468dc5cee6f4c97fd9ffb14c61c2) Importer(815301076,1909f56bfc062723c751e8b465ee728b)  -> (artifact id: '27e108a9b387caad69dfdbdb52828600') in 0.033331 seconds
Number of updated asset objects reloaded before import = 0
Number of asset objects unloaded after import = 3
========================================================================
Received Import Request.
  Time since last request: 0.000049 seconds.
  path: Assets/pixel_cyberpunk_interior_free_1.0.1/pixel_cyberpunk_interior_free_1.0.1/pixel-cyberpunk-interior_7.asset
  artifactKey: Guid(55bde27799ffc9d4989145451b8d6d47) Importer(815301076,1909f56bfc062723c751e8b465ee728b)
Start importing Assets/pixel_cyberpunk_interior_free_1.0.1/pixel_cyberpunk_interior_free_1.0.1/pixel-cyberpunk-interior_7.asset using Guid(55bde27799ffc9d4989145451b8d6d47) Importer(815301076,1909f56bfc062723c751e8b465ee728b)  -> (artifact id: '1cd76574fa5657b5a593e892781e314a') in 0.030401 seconds
Number of updated asset objects reloaded before import = 0
Number of asset objects unloaded after import = 3
========================================================================
Received Import Request.
  Time since last request: 0.000035 seconds.
  path: Assets/pixel_cyberpunk_interior_free_1.0.1/pixel_cyberpunk_interior_free_1.0.1/pixel-cyberpunk-interior_18.asset
  artifactKey: Guid(d0589e9fe57137040997dcbe6e164a21) Importer(815301076,1909f56bfc062723c751e8b465ee728b)
Start importing Assets/pixel_cyberpunk_interior_free_1.0.1/pixel_cyberpunk_interior_free_1.0.1/pixel-cyberpunk-interior_18.asset using Guid(d0589e9fe57137040997dcbe6e164a21) Importer(815301076,1909f56bfc062723c751e8b465ee728b)  -> (artifact id: '16173b31b211bb0d27eca78fad9a890e') in 0.033773 seconds
Number of updated asset objects reloaded before import = 0
Number of asset objects unloaded after import = 3
========================================================================
Received Import Request.
  Time since last request: 0.000032 seconds.
  path: Assets/pixel_cyberpunk_interior_free_1.0.1/pixel_cyberpunk_interior_free_1.0.1/pixel-cyberpunk-interior_11.asset
  artifactKey: Guid(c1363d6ab8f2c8646a38d8265a9824e9) Importer(815301076,1909f56bfc062723c751e8b465ee728b)
Start importing Assets/pixel_cyberpunk_interior_free_1.0.1/pixel_cyberpunk_interior_free_1.0.1/pixel-cyberpunk-interior_11.asset using Guid(c1363d6ab8f2c8646a38d8265a9824e9) Importer(815301076,1909f56bfc062723c751e8b465ee728b)  -> (artifact id: '15b7ed5e38561ae56e39dabbbc599d08') in 0.031957 seconds
Number of updated asset objects reloaded before import = 0
Number of asset objects unloaded after import = 3
========================================================================
Received Import Request.
  Time since last request: 0.000033 seconds.
  path: Assets/pixel_cyberpunk_interior_free_1.0.1/pixel_cyberpunk_interior_free_1.0.1/pixel-cyberpunk-interior_46.asset
  artifactKey: Guid(6a1a05d282d14cc4da6f726fb3b3661a) Importer(815301076,1909f56bfc062723c751e8b465ee728b)
Start importing Assets/pixel_cyberpunk_interior_free_1.0.1/pixel_cyberpunk_interior_free_1.0.1/pixel-cyberpunk-interior_46.asset using Guid(6a1a05d282d14cc4da6f726fb3b3661a) Importer(815301076,1909f56bfc062723c751e8b465ee728b)  -> (artifact id: '92c85852237dcfc1f096fb1c0ef07df6') in 0.033296 seconds
Number of updated asset objects reloaded before import = 0
Number of asset objects unloaded after import = 3
========================================================================
Received Import Request.
  Time since last request: 0.000058 seconds.
  path: Assets/pixel_cyberpunk_interior_free_1.0.1/pixel_cyberpunk_interior_free_1.0.1/pixel-cyberpunk-interior_27.asset
  artifactKey: Guid(0ae6a267a77d27d42a6fbec35d02e3ef) Importer(815301076,1909f56bfc062723c751e8b465ee728b)
Start importing Assets/pixel_cyberpunk_interior_free_1.0.1/pixel_cyberpunk_interior_free_1.0.1/pixel-cyberpunk-interior_27.asset using Guid(0ae6a267a77d27d42a6fbec35d02e3ef) Importer(815301076,1909f56bfc062723c751e8b465ee728b)  -> (artifact id: 'a2c0ca3959e8f4eaea4773bfa84818eb') in 0.028091 seconds
Number of updated asset objects reloaded before import = 0
Number of asset objects unloaded after import = 3
========================================================================
Received Import Request.
  Time since last request: 0.000027 seconds.
  path: Assets/pixel_cyberpunk_interior_free_1.0.1/pixel_cyberpunk_interior_free_1.0.1/pixel-cyberpunk-interior_44.asset
  artifactKey: Guid(6f27345aa71356a4a99042ce6bda9561) Importer(815301076,1909f56bfc062723c751e8b465ee728b)
Start importing Assets/pixel_cyberpunk_interior_free_1.0.1/pixel_cyberpunk_interior_free_1.0.1/pixel-cyberpunk-interior_44.asset using Guid(6f27345aa71356a4a99042ce6bda9561) Importer(815301076,1909f56bfc062723c751e8b465ee728b)  -> (artifact id: '319c3cec801dbaab152d83e35260bbc1') in 0.028482 seconds
Number of updated asset objects reloaded before import = 0
Number of asset objects unloaded after import = 3
========================================================================
Received Import Request.
  Time since last request: 0.000035 seconds.
  path: Assets/pixel_cyberpunk_interior_free_1.0.1/pixel_cyberpunk_interior_free_1.0.1/pixel-cyberpunk-interior_9.asset
  artifactKey: Guid(6b595061865ac3442b33c4cb3e7bc7d3) Importer(815301076,1909f56bfc062723c751e8b465ee728b)
Start importing Assets/pixel_cyberpunk_interior_free_1.0.1/pixel_cyberpunk_interior_free_1.0.1/pixel-cyberpunk-interior_9.asset using Guid(6b595061865ac3442b33c4cb3e7bc7d3) Importer(815301076,1909f56bfc062723c751e8b465ee728b)  -> (artifact id: '133c90b476a58fcf35cff2b4c1643b9b') in 0.026705 seconds
Number of updated asset objects reloaded before import = 0
Number of asset objects unloaded after import = 3
========================================================================
Received Import Request.
  Time since last request: 0.000034 seconds.
  path: Assets/pixel_cyberpunk_interior_free_1.0.1/pixel_cyberpunk_interior_free_1.0.1/pixel-cyberpunk-interior_4.asset
  artifactKey: Guid(e77a8b8fbf9bd2e438784eac694ea950) Importer(815301076,1909f56bfc062723c751e8b465ee728b)
Start importing Assets/pixel_cyberpunk_interior_free_1.0.1/pixel_cyberpunk_interior_free_1.0.1/pixel-cyberpunk-interior_4.asset using Guid(e77a8b8fbf9bd2e438784eac694ea950) Importer(815301076,1909f56bfc062723c751e8b465ee728b)  -> (artifact id: 'e37233ca975be0ae72cfc594867c5827') in 0.034355 seconds
Number of updated asset objects reloaded before import = 0
Number of asset objects unloaded after import = 3
========================================================================
Received Import Request.
  Time since last request: 0.000033 seconds.
  path: Assets/pixel_cyberpunk_interior_free_1.0.1/pixel_cyberpunk_interior_free_1.0.1/pixel-cyberpunk-interior_29.asset
  artifactKey: Guid(7500bfac999e5fa45a76f4f25dd0c660) Importer(815301076,1909f56bfc062723c751e8b465ee728b)
Start importing Assets/pixel_cyberpunk_interior_free_1.0.1/pixel_cyberpunk_interior_free_1.0.1/pixel-cyberpunk-interior_29.asset using Guid(7500bfac999e5fa45a76f4f25dd0c660) Importer(815301076,1909f56bfc062723c751e8b465ee728b)  -> (artifact id: '2e60575c73a018c117acaa110f704838') in 0.037173 seconds
Number of updated asset objects reloaded before import = 0
Number of asset objects unloaded after import = 3
========================================================================
Received Import Request.
  Time since last request: 0.000039 seconds.
  path: Assets/pixel_cyberpunk_interior_free_1.0.1/pixel_cyberpunk_interior_free_1.0.1/pixel-cyberpunk-interior_36.asset
  artifactKey: Guid(245677f9dd8aa3f44aa4671e0e2be809) Importer(815301076,1909f56bfc062723c751e8b465ee728b)
Start importing Assets/pixel_cyberpunk_interior_free_1.0.1/pixel_cyberpunk_interior_free_1.0.1/pixel-cyberpunk-interior_36.asset using Guid(245677f9dd8aa3f44aa4671e0e2be809) Importer(815301076,1909f56bfc062723c751e8b465ee728b)  -> (artifact id: 'b3c5f1b3ca2a7d81574857058d0ab37e') in 0.037616 seconds
Number of updated asset objects reloaded before import = 0
Number of asset objects unloaded after import = 3
========================================================================
Received Import Request.
  Time since last request: 0.000035 seconds.
  path: Assets/pixel_cyberpunk_interior_free_1.0.1/pixel_cyberpunk_interior_free_1.0.1/pixel-cyberpunk-interior_37.asset
  artifactKey: Guid(03169d9d3d202ad4496279d903c55b53) Importer(815301076,1909f56bfc062723c751e8b465ee728b)
Start importing Assets/pixel_cyberpunk_interior_free_1.0.1/pixel_cyberpunk_interior_free_1.0.1/pixel-cyberpunk-interior_37.asset using Guid(03169d9d3d202ad4496279d903c55b53) Importer(815301076,1909f56bfc062723c751e8b465ee728b)  -> (artifact id: '962afc3f1d9ab60c6ffb7f3c517ebf8c') in 0.038944 seconds
Number of updated asset objects reloaded before import = 0
Number of asset objects unloaded after import = 3
========================================================================
Received Import Request.
  Time since last request: 0.000032 seconds.
  path: Assets/pixel_cyberpunk_interior_free_1.0.1/pixel_cyberpunk_interior_free_1.0.1/pixel-cyberpunk-interior_26.asset
  artifactKey: Guid(e3640bc8ab5a009468825e9429ca87cf) Importer(815301076,1909f56bfc062723c751e8b465ee728b)
Start importing Assets/pixel_cyberpunk_interior_free_1.0.1/pixel_cyberpunk_interior_free_1.0.1/pixel-cyberpunk-interior_26.asset using Guid(e3640bc8ab5a009468825e9429ca87cf) Importer(815301076,1909f56bfc062723c751e8b465ee728b)  -> (artifact id: 'c2e3de77e2b56808b25c3c5e93ecb05f') in 0.030281 seconds
Number of updated asset objects reloaded before import = 0
Number of asset objects unloaded after import = 3
========================================================================
Received Import Request.
  Time since last request: 0.000069 seconds.
  path: Assets/pixel_cyberpunk_interior_free_1.0.1/pixel_cyberpunk_interior_free_1.0.1/pixel-cyberpunk-interior_6.asset
  artifactKey: Guid(efeacb8c4311c84488b0b2328a141803) Importer(815301076,1909f56bfc062723c751e8b465ee728b)
Start importing Assets/pixel_cyberpunk_interior_free_1.0.1/pixel_cyberpunk_interior_free_1.0.1/pixel-cyberpunk-interior_6.asset using Guid(efeacb8c4311c84488b0b2328a141803) Importer(815301076,1909f56bfc062723c751e8b465ee728b)  -> (artifact id: 'b3ca71fb2d87fb87e7cdee22b74fff2f') in 0.029709 seconds
Number of updated asset objects reloaded before import = 0
Number of asset objects unloaded after import = 3
========================================================================
Received Import Request.
  Time since last request: 0.000024 seconds.
  path: Assets/pixel_cyberpunk_interior_free_1.0.1/pixel_cyberpunk_interior_free_1.0.1/pixel-cyberpunk-interior_3.asset
  artifactKey: Guid(c9f7a372829b2e245bb489de5d095c42) Importer(815301076,1909f56bfc062723c751e8b465ee728b)
Start importing Assets/pixel_cyberpunk_interior_free_1.0.1/pixel_cyberpunk_interior_free_1.0.1/pixel-cyberpunk-interior_3.asset using Guid(c9f7a372829b2e245bb489de5d095c42) Importer(815301076,1909f56bfc062723c751e8b465ee728b)  -> (artifact id: '695ec5f799a07b18f3a2d8424fa479ba') in 0.031149 seconds
Number of updated asset objects reloaded before import = 0
Number of asset objects unloaded after import = 3
========================================================================
Received Import Request.
  Time since last request: 0.000044 seconds.
  path: Assets/pixel_cyberpunk_interior_free_1.0.1/pixel_cyberpunk_interior_free_1.0.1/pixel-cyberpunk-interior_19.asset
  artifactKey: Guid(22c129e046a2d6d46853b3bd859f1e05) Importer(815301076,1909f56bfc062723c751e8b465ee728b)
Start importing Assets/pixel_cyberpunk_interior_free_1.0.1/pixel_cyberpunk_interior_free_1.0.1/pixel-cyberpunk-interior_19.asset using Guid(22c129e046a2d6d46853b3bd859f1e05) Importer(815301076,1909f56bfc062723c751e8b465ee728b)  -> (artifact id: 'a7a1d92005854ea18c7cb0f09ecc33fc') in 0.033067 seconds
Number of updated asset objects reloaded before import = 0
Number of asset objects unloaded after import = 3
========================================================================
Received Import Request.
  Time since last request: 0.000034 seconds.
  path: Assets/pixel_cyberpunk_interior_free_1.0.1/pixel_cyberpunk_interior_free_1.0.1/pixel-cyberpunk-interior_28.asset
  artifactKey: Guid(b9e9d1d1e04e9084499785745e9fdeb9) Importer(815301076,1909f56bfc062723c751e8b465ee728b)
Start importing Assets/pixel_cyberpunk_interior_free_1.0.1/pixel_cyberpunk_interior_free_1.0.1/pixel-cyberpunk-interior_28.asset using Guid(b9e9d1d1e04e9084499785745e9fdeb9) Importer(815301076,1909f56bfc062723c751e8b465ee728b)  -> (artifact id: 'c6c6552bc880480aa93cbf51830eafe5') in 0.031614 seconds
Number of updated asset objects reloaded before import = 0
Number of asset objects unloaded after import = 3
========================================================================
Received Import Request.
  Time since last request: 0.000032 seconds.
  path: Assets/pixel_cyberpunk_interior_free_1.0.1/pixel_cyberpunk_interior_free_1.0.1/pixel-cyberpunk-interior_10.asset
  artifactKey: Guid(244ba81c7b53d544fac2ef8545ab571e) Importer(815301076,1909f56bfc062723c751e8b465ee728b)
Start importing Assets/pixel_cyberpunk_interior_free_1.0.1/pixel_cyberpunk_interior_free_1.0.1/pixel-cyberpunk-interior_10.asset using Guid(244ba81c7b53d544fac2ef8545ab571e) Importer(815301076,1909f56bfc062723c751e8b465ee728b)  -> (artifact id: '92ea1dfa17e6e850852efe1c7c7ab1f8') in 0.051135 seconds
Number of updated asset objects reloaded before import = 0
Number of asset objects unloaded after import = 3
========================================================================
Received Import Request.
  Time since last request: 0.000047 seconds.
  path: Assets/pixel_cyberpunk_interior_free_1.0.1/pixel_cyberpunk_interior_free_1.0.1/pixel-cyberpunk-interior_41.asset
  artifactKey: Guid(4aff34a4922b4834c95e527f3665e9c3) Importer(815301076,1909f56bfc062723c751e8b465ee728b)
Start importing Assets/pixel_cyberpunk_interior_free_1.0.1/pixel_cyberpunk_interior_free_1.0.1/pixel-cyberpunk-interior_41.asset using Guid(4aff34a4922b4834c95e527f3665e9c3) Importer(815301076,1909f56bfc062723c751e8b465ee728b)  -> (artifact id: 'e47bba1b1b740fb20096d01bd5aad7a5') in 0.032613 seconds
Number of updated asset objects reloaded before import = 0
Number of asset objects unloaded after import = 3
========================================================================
Received Import Request.
  Time since last request: 0.000178 seconds.
  path: Assets/pixel_cyberpunk_interior_free_1.0.1/pixel_cyberpunk_interior_free_1.0.1/pixel-cyberpunk-interior_30.asset
  artifactKey: Guid(3cbf1dfeaa8a0f84cbb01e8b38ce5434) Importer(815301076,1909f56bfc062723c751e8b465ee728b)
Start importing Assets/pixel_cyberpunk_interior_free_1.0.1/pixel_cyberpunk_interior_free_1.0.1/pixel-cyberpunk-interior_30.asset using Guid(3cbf1dfeaa8a0f84cbb01e8b38ce5434) Importer(815301076,1909f56bfc062723c751e8b465ee728b)  -> (artifact id: '76c8d222f8feb9ae3626dddd3200a27b') in 0.040223 seconds
Number of updated asset objects reloaded before import = 0
Number of asset objects unloaded after import = 3
========================================================================
Received Import Request.
  Time since last request: 1451.743209 seconds.
  path: Assets/pixel_cyberpunk_interior_free_1.0.1/pixel_cyberpunk_interior_free_1.0.1/pixel-cyberpunk-interior_48.asset
  artifactKey: Guid(f4bbe45a7a2918c42af9b3d2d3e05a76) Importer(815301076,1909f56bfc062723c751e8b465ee728b)
Start importing Assets/pixel_cyberpunk_interior_free_1.0.1/pixel_cyberpunk_interior_free_1.0.1/pixel-cyberpunk-interior_48.asset using Guid(f4bbe45a7a2918c42af9b3d2d3e05a76) Importer(815301076,1909f56bfc062723c751e8b465ee728b)  -> (artifact id: 'e66bf5a42aab3544fad29adb4a2ee25b') in 0.051416 seconds
Number of updated asset objects reloaded before import = 0
Number of asset objects unloaded after import = 3
========================================================================
Received Import Request.
  Time since last request: 0.000034 seconds.
  path: Assets/pixel_cyberpunk_interior_free_1.0.1/pixel_cyberpunk_interior_free_1.0.1/pixel-cyberpunk-interior_51.asset
  artifactKey: Guid(273ed8e1236a14a44bb75118039e7a6b) Importer(815301076,1909f56bfc062723c751e8b465ee728b)
Start importing Assets/pixel_cyberpunk_interior_free_1.0.1/pixel_cyberpunk_interior_free_1.0.1/pixel-cyberpunk-interior_51.asset using Guid(273ed8e1236a14a44bb75118039e7a6b) Importer(815301076,1909f56bfc062723c751e8b465ee728b)  -> (artifact id: 'b6d857256413aa54c3086d6a96bb0f05') in 0.018118 seconds
Number of updated asset objects reloaded before import = 0
Number of asset objects unloaded after import = 3
========================================================================
Received Import Request.
  Time since last request: 0.000057 seconds.
  path: Assets/pixel_cyberpunk_interior_free_1.0.1/pixel_cyberpunk_interior_free_1.0.1/pixel-cyberpunk-interior_49.asset
  artifactKey: Guid(e4cc8d3f28229b84d9933b17086ec276) Importer(815301076,1909f56bfc062723c751e8b465ee728b)
Start importing Assets/pixel_cyberpunk_interior_free_1.0.1/pixel_cyberpunk_interior_free_1.0.1/pixel-cyberpunk-interior_49.asset using Guid(e4cc8d3f28229b84d9933b17086ec276) Importer(815301076,1909f56bfc062723c751e8b465ee728b)  -> (artifact id: '7b5771953df89b2135930312c85ac098') in 0.019746 seconds
Number of updated asset objects reloaded before import = 0
Number of asset objects unloaded after import = 3
========================================================================
Received Import Request.
  Time since last request: 0.000026 seconds.
  path: Assets/pixel_cyberpunk_interior_free_1.0.1/pixel_cyberpunk_interior_free_1.0.1/pixel-cyberpunk-interior_53.asset
  artifactKey: Guid(128fd1dd89f01b94080033c451d86c4b) Importer(815301076,1909f56bfc062723c751e8b465ee728b)
Start importing Assets/pixel_cyberpunk_interior_free_1.0.1/pixel_cyberpunk_interior_free_1.0.1/pixel-cyberpunk-interior_53.asset using Guid(128fd1dd89f01b94080033c451d86c4b) Importer(815301076,1909f56bfc062723c751e8b465ee728b)  -> (artifact id: 'd57d244c373f3d2df680657a60cef22b') in 0.020291 seconds
Number of updated asset objects reloaded before import = 0
Number of asset objects unloaded after import = 3
========================================================================
Received Import Request.
  Time since last request: 0.000031 seconds.
  path: Assets/pixel_cyberpunk_interior_free_1.0.1/pixel_cyberpunk_interior_free_1.0.1/pixel-cyberpunk-interior_50.asset
  artifactKey: Guid(a57c5e41b76bc5246a5af2b9324fe46d) Importer(815301076,1909f56bfc062723c751e8b465ee728b)
Start importing Assets/pixel_cyberpunk_interior_free_1.0.1/pixel_cyberpunk_interior_free_1.0.1/pixel-cyberpunk-interior_50.asset using Guid(a57c5e41b76bc5246a5af2b9324fe46d) Importer(815301076,1909f56bfc062723c751e8b465ee728b)  -> (artifact id: '8f587c2bec8e4f9e46679b0e533af591') in 0.019886 seconds
Number of updated asset objects reloaded before import = 0
Number of asset objects unloaded after import = 3
========================================================================
Received Import Request.
  Time since last request: 0.223758 seconds.
  path: Assets/pixel_cyberpunk_interior_free_1.0.1/pixel_cyberpunk_interior_free_1.0.1/pixel-cyberpunk-interior_58.asset
  artifactKey: Guid(69df0b2eb49e497408fbfef868be066e) Importer(815301076,1909f56bfc062723c751e8b465ee728b)
Start importing Assets/pixel_cyberpunk_interior_free_1.0.1/pixel_cyberpunk_interior_free_1.0.1/pixel-cyberpunk-interior_58.asset using Guid(69df0b2eb49e497408fbfef868be066e) Importer(815301076,1909f56bfc062723c751e8b465ee728b)  -> (artifact id: '3ec6fc6ec465e848591b35a0e776fef5') in 0.021802 seconds
Number of updated asset objects reloaded before import = 0
Number of asset objects unloaded after import = 3
========================================================================
Received Import Request.
  Time since last request: 0.000022 seconds.
  path: Assets/pixel_cyberpunk_interior_free_1.0.1/pixel_cyberpunk_interior_free_1.0.1/pixel-cyberpunk-interior_60.asset
  artifactKey: Guid(df27168669099b549b6cd833e834c6e0) Importer(815301076,1909f56bfc062723c751e8b465ee728b)
Start importing Assets/pixel_cyberpunk_interior_free_1.0.1/pixel_cyberpunk_interior_free_1.0.1/pixel-cyberpunk-interior_60.asset using Guid(df27168669099b549b6cd833e834c6e0) Importer(815301076,1909f56bfc062723c751e8b465ee728b)  -> (artifact id: 'a5f5abc05ad2c4ffe01458c6b262d75a') in 0.021305 seconds
Number of updated asset objects reloaded before import = 0
Number of asset objects unloaded after import = 3
========================================================================
Received Import Request.
  Time since last request: 0.000023 seconds.
  path: Assets/pixel_cyberpunk_interior_free_1.0.1/pixel_cyberpunk_interior_free_1.0.1/pixel-cyberpunk-interior_62.asset
  artifactKey: Guid(edc92f43712b89344a0158109811ab3a) Importer(815301076,1909f56bfc062723c751e8b465ee728b)
Start importing Assets/pixel_cyberpunk_interior_free_1.0.1/pixel_cyberpunk_interior_free_1.0.1/pixel-cyberpunk-interior_62.asset using Guid(edc92f43712b89344a0158109811ab3a) Importer(815301076,1909f56bfc062723c751e8b465ee728b)  -> (artifact id: 'c3b361f37a451fa6c355170fc26404b7') in 0.020549 seconds
Number of updated asset objects reloaded before import = 0
Number of asset objects unloaded after import = 3
========================================================================
Received Import Request.
  Time since last request: 0.000044 seconds.
  path: Assets/pixel_cyberpunk_interior_free_1.0.1/pixel_cyberpunk_interior_free_1.0.1/pixel-cyberpunk-interior_63.asset
  artifactKey: Guid(ad30beea224d98447bc6b229a9656b08) Importer(815301076,1909f56bfc062723c751e8b465ee728b)
Start importing Assets/pixel_cyberpunk_interior_free_1.0.1/pixel_cyberpunk_interior_free_1.0.1/pixel-cyberpunk-interior_63.asset using Guid(ad30beea224d98447bc6b229a9656b08) Importer(815301076,1909f56bfc062723c751e8b465ee728b)  -> (artifact id: '487962db3649062d95473bb796e6416e') in 0.030960 seconds
Number of updated asset objects reloaded before import = 0
Number of asset objects unloaded after import = 3
========================================================================
Received Import Request.
  Time since last request: 102.282475 seconds.
  path: Assets/pixel_cyberpunk_interior_free_1.0.1/pixel_cyberpunk_interior_free_1.0.1/pixel-cyberpunk-interior_66.asset
  artifactKey: Guid(db25e657b9862714594c370004015a66) Importer(815301076,1909f56bfc062723c751e8b465ee728b)
Start importing Assets/pixel_cyberpunk_interior_free_1.0.1/pixel_cyberpunk_interior_free_1.0.1/pixel-cyberpunk-interior_66.asset using Guid(db25e657b9862714594c370004015a66) Importer(815301076,1909f56bfc062723c751e8b465ee728b)  -> (artifact id: '758bc1f317f1cde8b957549e37c0183e') in 0.036351 seconds
Number of updated asset objects reloaded before import = 0
Number of asset objects unloaded after import = 3
========================================================================
Received Import Request.
  Time since last request: 0.000036 seconds.
  path: Assets/pixel_cyberpunk_interior_free_1.0.1/pixel_cyberpunk_interior_free_1.0.1/pixel-cyberpunk-interior_68.asset
  artifactKey: Guid(7e463cae663090a46b54257343cb669b) Importer(815301076,1909f56bfc062723c751e8b465ee728b)
Start importing Assets/pixel_cyberpunk_interior_free_1.0.1/pixel_cyberpunk_interior_free_1.0.1/pixel-cyberpunk-interior_68.asset using Guid(7e463cae663090a46b54257343cb669b) Importer(815301076,1909f56bfc062723c751e8b465ee728b)  -> (artifact id: '02078697c6640dbea8084591693968fa') in 0.028453 seconds
Number of updated asset objects reloaded before import = 0
Number of asset objects unloaded after import = 3
========================================================================
Received Import Request.
  Time since last request: 0.000029 seconds.
  path: Assets/pixel_cyberpunk_interior_free_1.0.1/pixel_cyberpunk_interior_free_1.0.1/pixel-cyberpunk-interior_70.asset
  artifactKey: Guid(264e229fc9316e04b9b7f21e31756b05) Importer(815301076,1909f56bfc062723c751e8b465ee728b)
Start importing Assets/pixel_cyberpunk_interior_free_1.0.1/pixel_cyberpunk_interior_free_1.0.1/pixel-cyberpunk-interior_70.asset using Guid(264e229fc9316e04b9b7f21e31756b05) Importer(815301076,1909f56bfc062723c751e8b465ee728b)  -> (artifact id: '2eb3f98c539abe7926e1726faee2c547') in 0.033236 seconds
Number of updated asset objects reloaded before import = 0
Number of asset objects unloaded after import = 3
========================================================================
Received Import Request.
  Time since last request: 0.000032 seconds.
  path: Assets/pixel_cyberpunk_interior_free_1.0.1/pixel_cyberpunk_interior_free_1.0.1/pixel-cyberpunk-interior_72.asset
  artifactKey: Guid(f7e0faa807495a643b8d53e88e8377ab) Importer(815301076,1909f56bfc062723c751e8b465ee728b)
Start importing Assets/pixel_cyberpunk_interior_free_1.0.1/pixel_cyberpunk_interior_free_1.0.1/pixel-cyberpunk-interior_72.asset using Guid(f7e0faa807495a643b8d53e88e8377ab) Importer(815301076,1909f56bfc062723c751e8b465ee728b)  -> (artifact id: '8b67b75fbbdbcf364c6054ff33fee8e8') in 0.029346 seconds
Number of updated asset objects reloaded before import = 0
Number of asset objects unloaded after import = 3
========================================================================
Received Import Request.
  Time since last request: 0.153983 seconds.
  path: Assets/pixel_cyberpunk_interior_free_1.0.1/pixel_cyberpunk_interior_free_1.0.1/pixel-cyberpunk-interior_74.asset
  artifactKey: Guid(21865e0d8eaadcf4ca67550829acb379) Importer(815301076,1909f56bfc062723c751e8b465ee728b)
Start importing Assets/pixel_cyberpunk_interior_free_1.0.1/pixel_cyberpunk_interior_free_1.0.1/pixel-cyberpunk-interior_74.asset using Guid(21865e0d8eaadcf4ca67550829acb379) Importer(815301076,1909f56bfc062723c751e8b465ee728b)  -> (artifact id: 'f34065b662c9a47ad125d62f892e7aaf') in 0.029434 seconds
Number of updated asset objects reloaded before import = 0
Number of asset objects unloaded after import = 3
========================================================================
Received Import Request.
  Time since last request: 0.000031 seconds.
  path: Assets/pixel_cyberpunk_interior_free_1.0.1/pixel_cyberpunk_interior_free_1.0.1/pixel-cyberpunk-interior_81.asset
  artifactKey: Guid(2e3cf37cd3d57004fae482a0460897b7) Importer(815301076,1909f56bfc062723c751e8b465ee728b)
Start importing Assets/pixel_cyberpunk_interior_free_1.0.1/pixel_cyberpunk_interior_free_1.0.1/pixel-cyberpunk-interior_81.asset using Guid(2e3cf37cd3d57004fae482a0460897b7) Importer(815301076,1909f56bfc062723c751e8b465ee728b)  -> (artifact id: '254bae11a7451eddb180cc0bd73ec3e0') in 0.020693 seconds
Number of updated asset objects reloaded before import = 0
Number of asset objects unloaded after import = 3
========================================================================
Received Import Request.
  Time since last request: 0.000071 seconds.
  path: Assets/pixel_cyberpunk_interior_free_1.0.1/pixel_cyberpunk_interior_free_1.0.1/pixel-cyberpunk-interior_86.asset
  artifactKey: Guid(066ede2e7d8132b44b8483ed951a947c) Importer(815301076,1909f56bfc062723c751e8b465ee728b)
Start importing Assets/pixel_cyberpunk_interior_free_1.0.1/pixel_cyberpunk_interior_free_1.0.1/pixel-cyberpunk-interior_86.asset using Guid(066ede2e7d8132b44b8483ed951a947c) Importer(815301076,1909f56bfc062723c751e8b465ee728b)  -> (artifact id: 'c4cf7b58a2e677a8374ee954943324bc') in 0.039080 seconds
Number of updated asset objects reloaded before import = 0
Number of asset objects unloaded after import = 3
========================================================================
Received Import Request.
  Time since last request: 0.000039 seconds.
  path: Assets/pixel_cyberpunk_interior_free_1.0.1/pixel_cyberpunk_interior_free_1.0.1/pixel-cyberpunk-interior_85.asset
  artifactKey: Guid(eaa45b528690b074da2f8bedb90f19f2) Importer(815301076,1909f56bfc062723c751e8b465ee728b)
Start importing Assets/pixel_cyberpunk_interior_free_1.0.1/pixel_cyberpunk_interior_free_1.0.1/pixel-cyberpunk-interior_85.asset using Guid(eaa45b528690b074da2f8bedb90f19f2) Importer(815301076,1909f56bfc062723c751e8b465ee728b)  -> (artifact id: '95ef03afbf7241df1ccfee78f04763be') in 0.029337 seconds
Number of updated asset objects reloaded before import = 0
Number of asset objects unloaded after import = 3
========================================================================
Received Import Request.
  Time since last request: 0.000024 seconds.
  path: Assets/pixel_cyberpunk_interior_free_1.0.1/pixel_cyberpunk_interior_free_1.0.1/pixel-cyberpunk-interior_75.asset
  artifactKey: Guid(3337bc6610982974ab5e6910313de6dd) Importer(815301076,1909f56bfc062723c751e8b465ee728b)
Start importing Assets/pixel_cyberpunk_interior_free_1.0.1/pixel_cyberpunk_interior_free_1.0.1/pixel-cyberpunk-interior_75.asset using Guid(3337bc6610982974ab5e6910313de6dd) Importer(815301076,1909f56bfc062723c751e8b465ee728b)  -> (artifact id: 'dcfd83c84073c289db8e82e748bb0403') in 0.030236 seconds
Number of updated asset objects reloaded before import = 0
Number of asset objects unloaded after import = 3
========================================================================
Received Import Request.
  Time since last request: 0.000025 seconds.
  path: Assets/pixel_cyberpunk_interior_free_1.0.1/pixel_cyberpunk_interior_free_1.0.1/pixel-cyberpunk-interior_87.asset
  artifactKey: Guid(f02c512e5e568ca4cb63f2bc970bf42f) Importer(815301076,1909f56bfc062723c751e8b465ee728b)
Start importing Assets/pixel_cyberpunk_interior_free_1.0.1/pixel_cyberpunk_interior_free_1.0.1/pixel-cyberpunk-interior_87.asset using Guid(f02c512e5e568ca4cb63f2bc970bf42f) Importer(815301076,1909f56bfc062723c751e8b465ee728b)  -> (artifact id: 'a41e317123e4e5a1b3a20b06786a1ec5') in 0.017314 seconds
Number of updated asset objects reloaded before import = 0
Number of asset objects unloaded after import = 3
========================================================================
Received Import Request.
  Time since last request: 0.000028 seconds.
  path: Assets/pixel_cyberpunk_interior_free_1.0.1/pixel_cyberpunk_interior_free_1.0.1/pixel-cyberpunk-interior_77.asset
  artifactKey: Guid(824ae3349ec409147959ddd63a9a66ea) Importer(815301076,1909f56bfc062723c751e8b465ee728b)
Start importing Assets/pixel_cyberpunk_interior_free_1.0.1/pixel_cyberpunk_interior_free_1.0.1/pixel-cyberpunk-interior_77.asset using Guid(824ae3349ec409147959ddd63a9a66ea) Importer(815301076,1909f56bfc062723c751e8b465ee728b)  -> (artifact id: '47d71f0094dd1796b330d7d2f3b26a2a') in 0.031338 seconds
Number of updated asset objects reloaded before import = 0
Number of asset objects unloaded after import = 3
========================================================================
Received Import Request.
  Time since last request: 0.000029 seconds.
  path: Assets/pixel_cyberpunk_interior_free_1.0.1/pixel_cyberpunk_interior_free_1.0.1/pixel-cyberpunk-interior_83.asset
  artifactKey: Guid(98edd3a7b5c49d844aacf8b6afc0a961) Importer(815301076,1909f56bfc062723c751e8b465ee728b)
Start importing Assets/pixel_cyberpunk_interior_free_1.0.1/pixel_cyberpunk_interior_free_1.0.1/pixel-cyberpunk-interior_83.asset using Guid(98edd3a7b5c49d844aacf8b6afc0a961) Importer(815301076,1909f56bfc062723c751e8b465ee728b)  -> (artifact id: '590a1587d10f959b977575902f8c1136') in 0.031076 seconds
Number of updated asset objects reloaded before import = 0
Number of asset objects unloaded after import = 3
========================================================================
Received Import Request.
  Time since last request: 339.218894 seconds.
  path: Assets/pixel_cyberpunk_interior_free_1.0.1/pixel_cyberpunk_interior_free_1.0.1/pixel-cyberpunk-interior_90.asset
  artifactKey: Guid(3d26600a2c1969847b159bfca3d4251f) Importer(815301076,1909f56bfc062723c751e8b465ee728b)
Start importing Assets/pixel_cyberpunk_interior_free_1.0.1/pixel_cyberpunk_interior_free_1.0.1/pixel-cyberpunk-interior_90.asset using Guid(3d26600a2c1969847b159bfca3d4251f) Importer(815301076,1909f56bfc062723c751e8b465ee728b)  -> (artifact id: '122babd695575853217717a886109987') in 0.037620 seconds
Number of updated asset objects reloaded before import = 0
Number of asset objects unloaded after import = 3
========================================================================
Received Import Request.
  Time since last request: 0.000037 seconds.
  path: Assets/pixel_cyberpunk_interior_free_1.0.1/pixel_cyberpunk_interior_free_1.0.1/pixel-cyberpunk-interior_93.asset
  artifactKey: Guid(b16a81db28e965c43885eca623a176a8) Importer(815301076,1909f56bfc062723c751e8b465ee728b)
Start importing Assets/pixel_cyberpunk_interior_free_1.0.1/pixel_cyberpunk_interior_free_1.0.1/pixel-cyberpunk-interior_93.asset using Guid(b16a81db28e965c43885eca623a176a8) Importer(815301076,1909f56bfc062723c751e8b465ee728b)  -> (artifact id: '1f67503332318b9887267c314cec758c') in 0.034371 seconds
Number of updated asset objects reloaded before import = 0
Number of asset objects unloaded after import = 3
========================================================================
Received Import Request.
  Time since last request: 0.000051 seconds.
  path: Assets/pixel_cyberpunk_interior_free_1.0.1/pixel_cyberpunk_interior_free_1.0.1/pixel-cyberpunk-interior_92.asset
  artifactKey: Guid(cfe7b59c34eeadc43a8f44d9b8a44119) Importer(815301076,1909f56bfc062723c751e8b465ee728b)
Start importing Assets/pixel_cyberpunk_interior_free_1.0.1/pixel_cyberpunk_interior_free_1.0.1/pixel-cyberpunk-interior_92.asset using Guid(cfe7b59c34eeadc43a8f44d9b8a44119) Importer(815301076,1909f56bfc062723c751e8b465ee728b)  -> (artifact id: 'a9b0427854fdfc22e1639cd564831efd') in 0.033547 seconds
Number of updated asset objects reloaded before import = 0
Number of asset objects unloaded after import = 3
========================================================================
Received Import Request.
  Time since last request: 0.000029 seconds.
  path: Assets/pixel_cyberpunk_interior_free_1.0.1/pixel_cyberpunk_interior_free_1.0.1/pixel-cyberpunk-interior_98.asset
  artifactKey: Guid(5b26ee278f95c9e4ab6b0e2b4d3ce84d) Importer(815301076,1909f56bfc062723c751e8b465ee728b)
Start importing Assets/pixel_cyberpunk_interior_free_1.0.1/pixel_cyberpunk_interior_free_1.0.1/pixel-cyberpunk-interior_98.asset using Guid(5b26ee278f95c9e4ab6b0e2b4d3ce84d) Importer(815301076,1909f56bfc062723c751e8b465ee728b)  -> (artifact id: '77abd92c566f52f6fb0dc3c05a3fcf2f') in 0.034924 seconds
Number of updated asset objects reloaded before import = 0
Number of asset objects unloaded after import = 3
========================================================================
Received Import Request.
  Time since last request: 0.000032 seconds.
  path: Assets/pixel_cyberpunk_interior_free_1.0.1/pixel_cyberpunk_interior_free_1.0.1/pixel-cyberpunk-interior_108.asset
  artifactKey: Guid(539ecc6a9c5c5b44eb20451a7e216a9c) Importer(815301076,1909f56bfc062723c751e8b465ee728b)
Start importing Assets/pixel_cyberpunk_interior_free_1.0.1/pixel_cyberpunk_interior_free_1.0.1/pixel-cyberpunk-interior_108.asset using Guid(539ecc6a9c5c5b44eb20451a7e216a9c) Importer(815301076,1909f56bfc062723c751e8b465ee728b)  -> (artifact id: '0818b2b6f126f9cf9df1e4c99b5bc5a8') in 0.034420 seconds
Number of updated asset objects reloaded before import = 0
Number of asset objects unloaded after import = 3
========================================================================
Received Import Request.
  Time since last request: 0.000027 seconds.
  path: Assets/pixel_cyberpunk_interior_free_1.0.1/pixel_cyberpunk_interior_free_1.0.1/pixel-cyberpunk-interior_115.asset
  artifactKey: Guid(f838eb31206d9fa429998d36632e0625) Importer(815301076,1909f56bfc062723c751e8b465ee728b)
Start importing Assets/pixel_cyberpunk_interior_free_1.0.1/pixel_cyberpunk_interior_free_1.0.1/pixel-cyberpunk-interior_115.asset using Guid(f838eb31206d9fa429998d36632e0625) Importer(815301076,1909f56bfc062723c751e8b465ee728b)  -> (artifact id: '90ebda9dbbb50087ca5927dce1d5d29e') in 0.033709 seconds
Number of updated asset objects reloaded before import = 0
Number of asset objects unloaded after import = 3
========================================================================
Received Import Request.
  Time since last request: 0.000034 seconds.
  path: Assets/pixel_cyberpunk_interior_free_1.0.1/pixel_cyberpunk_interior_free_1.0.1/pixel-cyberpunk-interior_117.asset
  artifactKey: Guid(ae833b24cf7f8d141b5a22946392d483) Importer(815301076,1909f56bfc062723c751e8b465ee728b)
Start importing Assets/pixel_cyberpunk_interior_free_1.0.1/pixel_cyberpunk_interior_free_1.0.1/pixel-cyberpunk-interior_117.asset using Guid(ae833b24cf7f8d141b5a22946392d483) Importer(815301076,1909f56bfc062723c751e8b465ee728b)  -> (artifact id: 'a75e9b12204f9f3df74bc990d21f55c8') in 0.032795 seconds
Number of updated asset objects reloaded before import = 0
Number of asset objects unloaded after import = 3
========================================================================
Received Import Request.
  Time since last request: 0.000031 seconds.
  path: Assets/pixel_cyberpunk_interior_free_1.0.1/pixel_cyberpunk_interior_free_1.0.1/pixel-cyberpunk-interior_103.asset
  artifactKey: Guid(e7bcd5df7d01a78408571c1de4e7aaee) Importer(815301076,1909f56bfc062723c751e8b465ee728b)
Start importing Assets/pixel_cyberpunk_interior_free_1.0.1/pixel_cyberpunk_interior_free_1.0.1/pixel-cyberpunk-interior_103.asset using Guid(e7bcd5df7d01a78408571c1de4e7aaee) Importer(815301076,1909f56bfc062723c751e8b465ee728b)  -> (artifact id: 'f5f1cf7b027ab87ca6a9c6c7f752a854') in 0.035980 seconds
Number of updated asset objects reloaded before import = 0
Number of asset objects unloaded after import = 3
========================================================================
Received Import Request.
  Time since last request: 0.000055 seconds.
  path: Assets/pixel_cyberpunk_interior_free_1.0.1/pixel_cyberpunk_interior_free_1.0.1/pixel-cyberpunk-interior_105.asset
  artifactKey: Guid(1f6e3b0f7702d4e4c988a6eddaaeef2f) Importer(815301076,1909f56bfc062723c751e8b465ee728b)
Start importing Assets/pixel_cyberpunk_interior_free_1.0.1/pixel_cyberpunk_interior_free_1.0.1/pixel-cyberpunk-interior_105.asset using Guid(1f6e3b0f7702d4e4c988a6eddaaeef2f) Importer(815301076,1909f56bfc062723c751e8b465ee728b)  -> (artifact id: 'f9483d0961ef3e8ce27f4d8353ea0128') in 0.033255 seconds
Number of updated asset objects reloaded before import = 0
Number of asset objects unloaded after import = 3
========================================================================
Received Import Request.
  Time since last request: 0.000024 seconds.
  path: Assets/pixel_cyberpunk_interior_free_1.0.1/pixel_cyberpunk_interior_free_1.0.1/pixel-cyberpunk-interior_116.asset
  artifactKey: Guid(87b5c23dec991324ab24931693e58341) Importer(815301076,1909f56bfc062723c751e8b465ee728b)
Start importing Assets/pixel_cyberpunk_interior_free_1.0.1/pixel_cyberpunk_interior_free_1.0.1/pixel-cyberpunk-interior_116.asset using Guid(87b5c23dec991324ab24931693e58341) Importer(815301076,1909f56bfc062723c751e8b465ee728b)  -> (artifact id: '0d477432cc2ff15ca5998bdc97e67896') in 0.033718 seconds
Number of updated asset objects reloaded before import = 0
Number of asset objects unloaded after import = 3
========================================================================
Received Import Request.
  Time since last request: 0.000032 seconds.
  path: Assets/pixel_cyberpunk_interior_free_1.0.1/pixel_cyberpunk_interior_free_1.0.1/pixel-cyberpunk-interior_113.asset
  artifactKey: Guid(73c1dccba9606574b88ad9adae567dc6) Importer(815301076,1909f56bfc062723c751e8b465ee728b)
Start importing Assets/pixel_cyberpunk_interior_free_1.0.1/pixel_cyberpunk_interior_free_1.0.1/pixel-cyberpunk-interior_113.asset using Guid(73c1dccba9606574b88ad9adae567dc6) Importer(815301076,1909f56bfc062723c751e8b465ee728b)  -> (artifact id: '6f0a20cf76efdbff3b7b45bedb2e255f') in 0.030586 seconds
Number of updated asset objects reloaded before import = 0
Number of asset objects unloaded after import = 3
========================================================================
Received Import Request.
  Time since last request: 0.000024 seconds.
  path: Assets/pixel_cyberpunk_interior_free_1.0.1/pixel_cyberpunk_interior_free_1.0.1/pixel-cyberpunk-interior_102.asset
  artifactKey: Guid(c133acdcde0742146ab679600a41be26) Importer(815301076,1909f56bfc062723c751e8b465ee728b)
Start importing Assets/pixel_cyberpunk_interior_free_1.0.1/pixel_cyberpunk_interior_free_1.0.1/pixel-cyberpunk-interior_102.asset using Guid(c133acdcde0742146ab679600a41be26) Importer(815301076,1909f56bfc062723c751e8b465ee728b)  -> (artifact id: '5183ec78c5ef0de6b0cf0d0b28f51424') in 0.031824 seconds
Number of updated asset objects reloaded before import = 0
Number of asset objects unloaded after import = 3
========================================================================
Received Import Request.
  Time since last request: 0.000029 seconds.
  path: Assets/pixel_cyberpunk_interior_free_1.0.1/pixel_cyberpunk_interior_free_1.0.1/pixel-cyberpunk-interior_128.asset
  artifactKey: Guid(a1d55b84fbdfd2b429ef4d8aa0e091f6) Importer(815301076,1909f56bfc062723c751e8b465ee728b)
Start importing Assets/pixel_cyberpunk_interior_free_1.0.1/pixel_cyberpunk_interior_free_1.0.1/pixel-cyberpunk-interior_128.asset using Guid(a1d55b84fbdfd2b429ef4d8aa0e091f6) Importer(815301076,1909f56bfc062723c751e8b465ee728b)  -> (artifact id: '8e7e6e352b05ceaa2617e98992be644e') in 0.031527 seconds
Number of updated asset objects reloaded before import = 0
Number of asset objects unloaded after import = 3
========================================================================
Received Import Request.
  Time since last request: 0.000038 seconds.
  path: Assets/pixel_cyberpunk_interior_free_1.0.1/pixel_cyberpunk_interior_free_1.0.1/pixel-cyberpunk-interior_129.asset
  artifactKey: Guid(e6de8d22988c477479fd95077fa3b8a2) Importer(815301076,1909f56bfc062723c751e8b465ee728b)
Start importing Assets/pixel_cyberpunk_interior_free_1.0.1/pixel_cyberpunk_interior_free_1.0.1/pixel-cyberpunk-interior_129.asset using Guid(e6de8d22988c477479fd95077fa3b8a2) Importer(815301076,1909f56bfc062723c751e8b465ee728b)  -> (artifact id: '2c2c1428d3130677f58b2ef2efcad0c7') in 0.031212 seconds
Number of updated asset objects reloaded before import = 0
Number of asset objects unloaded after import = 3
========================================================================
Received Import Request.
  Time since last request: 0.000045 seconds.
  path: Assets/pixel_cyberpunk_interior_free_1.0.1/pixel_cyberpunk_interior_free_1.0.1/pixel-cyberpunk-interior_133.asset
  artifactKey: Guid(e7534363d51af314bb5c67becf980be4) Importer(815301076,1909f56bfc062723c751e8b465ee728b)
Start importing Assets/pixel_cyberpunk_interior_free_1.0.1/pixel_cyberpunk_interior_free_1.0.1/pixel-cyberpunk-interior_133.asset using Guid(e7534363d51af314bb5c67becf980be4) Importer(815301076,1909f56bfc062723c751e8b465ee728b)  -> (artifact id: 'e8b428bb90d2f8ba8f3a645831b3fc8a') in 0.031542 seconds
Number of updated asset objects reloaded before import = 0
Number of asset objects unloaded after import = 3
========================================================================
Received Import Request.
  Time since last request: 0.000030 seconds.
  path: Assets/pixel_cyberpunk_interior_free_1.0.1/pixel_cyberpunk_interior_free_1.0.1/pixel-cyberpunk-interior_126.asset
  artifactKey: Guid(95ea992832182ca41aeab8ce0f883672) Importer(815301076,1909f56bfc062723c751e8b465ee728b)
Start importing Assets/pixel_cyberpunk_interior_free_1.0.1/pixel_cyberpunk_interior_free_1.0.1/pixel-cyberpunk-interior_126.asset using Guid(95ea992832182ca41aeab8ce0f883672) Importer(815301076,1909f56bfc062723c751e8b465ee728b)  -> (artifact id: 'c79a61e07556e5a26e1a98d29208f99f') in 0.030375 seconds
Number of updated asset objects reloaded before import = 0
Number of asset objects unloaded after import = 3
========================================================================
Received Import Request.
  Time since last request: 0.000032 seconds.
  path: Assets/pixel_cyberpunk_interior_free_1.0.1/pixel_cyberpunk_interior_free_1.0.1/pixel-cyberpunk-interior_127.asset
  artifactKey: Guid(3010149e9f892cd40b67ebba57125715) Importer(815301076,1909f56bfc062723c751e8b465ee728b)
Start importing Assets/pixel_cyberpunk_interior_free_1.0.1/pixel_cyberpunk_interior_free_1.0.1/pixel-cyberpunk-interior_127.asset using Guid(3010149e9f892cd40b67ebba57125715) Importer(815301076,1909f56bfc062723c751e8b465ee728b)  -> (artifact id: 'bf39cbc5eb18a3d1f62967088e0d09c4') in 0.031078 seconds
Number of updated asset objects reloaded before import = 0
Number of asset objects unloaded after import = 3
========================================================================
Received Import Request.
  Time since last request: 0.000031 seconds.
  path: Assets/pixel_cyberpunk_interior_free_1.0.1/pixel_cyberpunk_interior_free_1.0.1/pixel-cyberpunk-interior_101.asset
  artifactKey: Guid(31de246e40ba6a74b8df52072490ef8d) Importer(815301076,1909f56bfc062723c751e8b465ee728b)
Start importing Assets/pixel_cyberpunk_interior_free_1.0.1/pixel_cyberpunk_interior_free_1.0.1/pixel-cyberpunk-interior_101.asset using Guid(31de246e40ba6a74b8df52072490ef8d) Importer(815301076,1909f56bfc062723c751e8b465ee728b)  -> (artifact id: '7abaab86a7540c927ae315ad1ed33c47') in 0.030277 seconds
Number of updated asset objects reloaded before import = 0
Number of asset objects unloaded after import = 3
========================================================================
Received Import Request.
  Time since last request: 0.000040 seconds.
  path: Assets/pixel_cyberpunk_interior_free_1.0.1/pixel_cyberpunk_interior_free_1.0.1/pixel-cyberpunk-interior_125.asset
  artifactKey: Guid(95aed6bef40bd214aa546cadbf4449fc) Importer(815301076,1909f56bfc062723c751e8b465ee728b)
Start importing Assets/pixel_cyberpunk_interior_free_1.0.1/pixel_cyberpunk_interior_free_1.0.1/pixel-cyberpunk-interior_125.asset using Guid(95aed6bef40bd214aa546cadbf4449fc) Importer(815301076,1909f56bfc062723c751e8b465ee728b)  -> (artifact id: '448e1f4381716265c546e568591f5ff6') in 0.019506 seconds
Number of updated asset objects reloaded before import = 0
Number of asset objects unloaded after import = 3
========================================================================
Received Import Request.
  Time since last request: 0.000036 seconds.
  path: Assets/pixel_cyberpunk_interior_free_1.0.1/pixel_cyberpunk_interior_free_1.0.1/pixel-cyberpunk-interior_114.asset
  artifactKey: Guid(600fcf288269f444eb99a97d4467cc8f) Importer(815301076,1909f56bfc062723c751e8b465ee728b)
Start importing Assets/pixel_cyberpunk_interior_free_1.0.1/pixel_cyberpunk_interior_free_1.0.1/pixel-cyberpunk-interior_114.asset using Guid(600fcf288269f444eb99a97d4467cc8f) Importer(815301076,1909f56bfc062723c751e8b465ee728b)  -> (artifact id: '9c4dbb4ed52ab0c9595769f36e44dcda') in 0.036429 seconds
Number of updated asset objects reloaded before import = 0
Number of asset objects unloaded after import = 3
========================================================================
Received Import Request.
  Time since last request: 0.000032 seconds.
  path: Assets/pixel_cyberpunk_interior_free_1.0.1/pixel_cyberpunk_interior_free_1.0.1/pixel-cyberpunk-interior_99.asset
  artifactKey: Guid(dde0c056be5da5144b2f0a0642966733) Importer(815301076,1909f56bfc062723c751e8b465ee728b)
Start importing Assets/pixel_cyberpunk_interior_free_1.0.1/pixel_cyberpunk_interior_free_1.0.1/pixel-cyberpunk-interior_99.asset using Guid(dde0c056be5da5144b2f0a0642966733) Importer(815301076,1909f56bfc062723c751e8b465ee728b)  -> (artifact id: '635258970b992de6e76d46d0fc31660b') in 0.031419 seconds
Number of updated asset objects reloaded before import = 0
Number of asset objects unloaded after import = 3
========================================================================
Received Import Request.
  Time since last request: 0.000046 seconds.
  path: Assets/pixel_cyberpunk_interior_free_1.0.1/pixel_cyberpunk_interior_free_1.0.1/pixel-cyberpunk-interior_124.asset
  artifactKey: Guid(4f807b5bcceb71344ac05a94feb4c213) Importer(815301076,1909f56bfc062723c751e8b465ee728b)
Start importing Assets/pixel_cyberpunk_interior_free_1.0.1/pixel_cyberpunk_interior_free_1.0.1/pixel-cyberpunk-interior_124.asset using Guid(4f807b5bcceb71344ac05a94feb4c213) Importer(815301076,1909f56bfc062723c751e8b465ee728b)  -> (artifact id: '916f41470fe7f6c61df30cb9cdbf2a07') in 0.031879 seconds
Number of updated asset objects reloaded before import = 0
Number of asset objects unloaded after import = 3
========================================================================
Received Import Request.
  Time since last request: 0.000035 seconds.
  path: Assets/pixel_cyberpunk_interior_free_1.0.1/pixel_cyberpunk_interior_free_1.0.1/pixel-cyberpunk-interior_143.asset
  artifactKey: Guid(7da84739c84f19f4ba21f7b3b3b3f601) Importer(815301076,1909f56bfc062723c751e8b465ee728b)
Start importing Assets/pixel_cyberpunk_interior_free_1.0.1/pixel_cyberpunk_interior_free_1.0.1/pixel-cyberpunk-interior_143.asset using Guid(7da84739c84f19f4ba21f7b3b3b3f601) Importer(815301076,1909f56bfc062723c751e8b465ee728b)  -> (artifact id: 'b801e8589065b9854de27a11ffe7a9d8') in 0.034925 seconds
Number of updated asset objects reloaded before import = 0
Number of asset objects unloaded after import = 3
========================================================================
Received Import Request.
  Time since last request: 0.000023 seconds.
  path: Assets/pixel_cyberpunk_interior_free_1.0.1/pixel_cyberpunk_interior_free_1.0.1/pixel-cyberpunk-interior_146.asset
  artifactKey: Guid(277c67e0249a53144b51ea7725894be5) Importer(815301076,1909f56bfc062723c751e8b465ee728b)
Start importing Assets/pixel_cyberpunk_interior_free_1.0.1/pixel_cyberpunk_interior_free_1.0.1/pixel-cyberpunk-interior_146.asset using Guid(277c67e0249a53144b51ea7725894be5) Importer(815301076,1909f56bfc062723c751e8b465ee728b)  -> (artifact id: 'f62e58187b43d0c893116ad9dc8b4b1a') in 0.034179 seconds
Number of updated asset objects reloaded before import = 0
Number of asset objects unloaded after import = 3
========================================================================
Received Import Request.
  Time since last request: 0.000033 seconds.
  path: Assets/pixel_cyberpunk_interior_free_1.0.1/pixel_cyberpunk_interior_free_1.0.1/pixel-cyberpunk-interior_142.asset
  artifactKey: Guid(9f13296b71097494696a3ef7e810f04f) Importer(815301076,1909f56bfc062723c751e8b465ee728b)
Start importing Assets/pixel_cyberpunk_interior_free_1.0.1/pixel_cyberpunk_interior_free_1.0.1/pixel-cyberpunk-interior_142.asset using Guid(9f13296b71097494696a3ef7e810f04f) Importer(815301076,1909f56bfc062723c751e8b465ee728b)  -> (artifact id: 'b382ea7013bb84db3d57fc2eb3cc6fa3') in 0.033103 seconds
Number of updated asset objects reloaded before import = 0
Number of asset objects unloaded after import = 3
========================================================================
Received Import Request.
  Time since last request: 0.000024 seconds.
  path: Assets/pixel_cyberpunk_interior_free_1.0.1/pixel_cyberpunk_interior_free_1.0.1/pixel-cyberpunk-interior_144.asset
  artifactKey: Guid(e894502c7d95aa94aba7b5ae76bc7602) Importer(815301076,1909f56bfc062723c751e8b465ee728b)
Start importing Assets/pixel_cyberpunk_interior_free_1.0.1/pixel_cyberpunk_interior_free_1.0.1/pixel-cyberpunk-interior_144.asset using Guid(e894502c7d95aa94aba7b5ae76bc7602) Importer(815301076,1909f56bfc062723c751e8b465ee728b)  -> (artifact id: '4a67891f4d7748e7a233c789204d5226') in 0.036730 seconds
Number of updated asset objects reloaded before import = 0
Number of asset objects unloaded after import = 3
========================================================================
Received Import Request.
  Time since last request: 0.000029 seconds.
  path: Assets/pixel_cyberpunk_interior_free_1.0.1/pixel_cyberpunk_interior_free_1.0.1/tiles.prefab
  artifactKey: Guid(b0c0f764f3e1d8344a54e78142c1ea2a) Importer(815301076,1909f56bfc062723c751e8b465ee728b)
Start importing Assets/pixel_cyberpunk_interior_free_1.0.1/pixel_cyberpunk_interior_free_1.0.1/tiles.prefab using Guid(b0c0f764f3e1d8344a54e78142c1ea2a) Importer(815301076,1909f56bfc062723c751e8b465ee728b)  -> (artifact id: 'ddfebae3b2e5373a4b788027a12b55f8') in 0.918033 seconds
Number of updated asset objects reloaded before import = 0
Number of asset objects unloaded after import = 330
