Using pre-set license
Built from '2022.3/release' branch; Version is '2022.3.20f1 (61c2feb0970d) revision 6406910'; Using compiler version '192829333'; Build Type 'Release'
OS: 'Windows 10  (10.0.19045) 64bit Professional' Language: 'en' Physical Memory: 16292 MB
BatchMode: 1, IsHumanControllingUs: 0, StartBugReporterOnCrash: 0, Is64bit: 1, IsPro: 1

COMMAND LINE ARGUMENTS:
D:\unityeditor\2022.3.20f1\Editor\Unity.exe
-adb2
-batchMode
-noUpm
-name
AssetImportWorker0
-projectPath
D:/rpg game/FMPPROJECTFINAL
-logFile
Logs/AssetImportWorker0.log
-srvPort
58296
Successfully changed project path to: D:/rpg game/FMPPROJECTFINAL
D:/rpg game/FMPPROJECTFINAL
[UnityMemory] Configuration Parameters - Can be set up in boot.config
    "memorysetup-bucket-allocator-granularity=16"
    "memorysetup-bucket-allocator-bucket-count=8"
    "memorysetup-bucket-allocator-block-size=33554432"
    "memorysetup-bucket-allocator-block-count=8"
    "memorysetup-main-allocator-block-size=16777216"
    "memorysetup-thread-allocator-block-size=16777216"
    "memorysetup-gfx-main-allocator-block-size=16777216"
    "memorysetup-gfx-thread-allocator-block-size=16777216"
    "memorysetup-cache-allocator-block-size=4194304"
    "memorysetup-typetree-allocator-block-size=2097152"
    "memorysetup-profiler-bucket-allocator-granularity=16"
    "memorysetup-profiler-bucket-allocator-bucket-count=8"
    "memorysetup-profiler-bucket-allocator-block-size=33554432"
    "memorysetup-profiler-bucket-allocator-block-count=8"
    "memorysetup-profiler-allocator-block-size=16777216"
    "memorysetup-profiler-editor-allocator-block-size=1048576"
    "memorysetup-temp-allocator-size-main=16777216"
    "memorysetup-job-temp-allocator-block-size=2097152"
    "memorysetup-job-temp-allocator-block-size-background=1048576"
    "memorysetup-job-temp-allocator-reduction-small-platforms=262144"
    "memorysetup-allocator-temp-initial-block-size-main=262144"
    "memorysetup-allocator-temp-initial-block-size-worker=262144"
    "memorysetup-temp-allocator-size-background-worker=32768"
    "memorysetup-temp-allocator-size-job-worker=262144"
    "memorysetup-temp-allocator-size-preload-manager=33554432"
    "memorysetup-temp-allocator-size-nav-mesh-worker=65536"
    "memorysetup-temp-allocator-size-audio-worker=65536"
    "memorysetup-temp-allocator-size-cloud-worker=32768"
    "memorysetup-temp-allocator-size-gi-baking-worker=262144"
    "memorysetup-temp-allocator-size-gfx=262144"
Player connection [46580] Host "[IP] 192.168.0.8 [Port] 0 [Flags] 2 [Guid] 1673794380 [EditorId] 1673794380 [Version] 1048832 [Id] WindowsEditor(7,DESKTOP-NV0VSBH) [Debug] 1 [PackageName] WindowsEditor [ProjectName] Editor" joined multi-casting on [225.0.0.222:54997]...

Player connection [46580] Host "[IP] 192.168.0.8 [Port] 0 [Flags] 2 [Guid] 1673794380 [EditorId] 1673794380 [Version] 1048832 [Id] WindowsEditor(7,DESKTOP-NV0VSBH) [Debug] 1 [PackageName] WindowsEditor [ProjectName] Editor" joined alternative multi-casting on [225.0.0.222:34997]...

[Physics::Module] Initialized MultithreadedJobDispatcher with 15 workers.
Refreshing native plugins compatible for Editor in 364.83 ms, found 4 plugins.
Preloading 0 native plugins for Editor in 0.00 ms.
Initialize engine version: 2022.3.20f1 (61c2feb0970d)
[Subsystems] Discovering subsystems at path D:/unityeditor/2022.3.20f1/Editor/Data/Resources/UnitySubsystems
[Subsystems] Discovering subsystems at path D:/rpg game/FMPPROJECTFINAL/Assets
GfxDevice: creating device client; threaded=0; jobified=0
Direct3D:
    Version:  Direct3D 11.0 [level 11.1]
    Renderer: NVIDIA GeForce RTX 3060 Ti (ID=0x2486)
    Vendor:   NVIDIA
    VRAM:     8024 MB
    Driver:   31.0.15.5152
Initialize mono
Mono path[0] = 'D:/unityeditor/2022.3.20f1/Editor/Data/Managed'
Mono path[1] = 'D:/unityeditor/2022.3.20f1/Editor/Data/MonoBleedingEdge/lib/mono/unityjit-win32'
Mono config path = 'D:/unityeditor/2022.3.20f1/Editor/Data/MonoBleedingEdge/etc'
Using monoOptions --debugger-agent=transport=dt_socket,embedding=1,server=y,suspend=n,address=127.0.0.1:56524
Begin MonoManager ReloadAssembly
Registering precompiled unity dll's ...
Register platform support module: D:/unityeditor/2022.3.20f1/Editor/Data/PlaybackEngines/WebGLSupport/UnityEditor.WebGL.Extensions.dll
Register platform support module: D:/unityeditor/2022.3.20f1/Editor/Data/PlaybackEngines/WindowsStandaloneSupport/UnityEditor.WindowsStandalone.Extensions.dll
Registered in 0.168283 seconds.
- Loaded All Assemblies, in  2.829 seconds
Native extension for WindowsStandalone target not found
Native extension for WebGL target not found
Mono: successfully reloaded assembly
- Finished resetting the current domain, in  0.321 seconds
Domain Reload Profiling: 3151ms
	BeginReloadAssembly (2094ms)
		ExecutionOrderSort (0ms)
		DisableScriptedObjects (0ms)
		BackupInstance (0ms)
		ReleaseScriptingObjects (0ms)
		CreateAndSetChildDomain (1ms)
	RebuildCommonClasses (46ms)
	RebuildNativeTypeToScriptingClass (13ms)
	initialDomainReloadingComplete (232ms)
	LoadAllAssembliesAndSetupDomain (443ms)
		LoadAssemblies (2094ms)
		RebuildTransferFunctionScriptingTraits (0ms)
		AnalyzeDomain (440ms)
			TypeCache.Refresh (438ms)
				TypeCache.ScanAssembly (420ms)
			ScanForSourceGeneratedMonoScriptInfo (0ms)
			ResolveRequiredComponents (0ms)
	FinalizeReload (322ms)
		ReleaseScriptCaches (0ms)
		RebuildScriptCaches (0ms)
		SetupLoadedEditorAssemblies (261ms)
			LogAssemblyErrors (0ms)
			InitializePlatformSupportModulesInManaged (10ms)
			SetLoadedEditorAssemblies (5ms)
			RefreshPlugins (0ms)
			BeforeProcessingInitializeOnLoad (2ms)
			ProcessInitializeOnLoadAttributes (180ms)
			ProcessInitializeOnLoadMethodAttributes (63ms)
			AfterProcessingInitializeOnLoad (0ms)
			EditorAssembliesLoaded (0ms)
		ExecutionOrderSort2 (0ms)
		AwakeInstancesAfterBackupRestoration (0ms)
========================================================================
Worker process is ready to serve import requests
Begin MonoManager ReloadAssembly
- Loaded All Assemblies, in  3.381 seconds
Refreshing native plugins compatible for Editor in 7.87 ms, found 4 plugins.
Native extension for WindowsStandalone target not found
Native extension for WebGL target not found
Package Manager log level set to [2]
[Package Manager] Server::EnsureServerProcessIsRunning -- launch failed, reason: Unity was launched with the -noUpm command-line argument
[Package Manager] UpmClient::Send -- Unable to send message (not connected to UPM process).
[Package Manager] Cannot connect to Unity Package Manager local server
Mono: successfully reloaded assembly
- Finished resetting the current domain, in  0.885 seconds
Domain Reload Profiling: 4265ms
	BeginReloadAssembly (220ms)
		ExecutionOrderSort (0ms)
		DisableScriptedObjects (6ms)
		BackupInstance (0ms)
		ReleaseScriptingObjects (0ms)
		CreateAndSetChildDomain (28ms)
	RebuildCommonClasses (41ms)
	RebuildNativeTypeToScriptingClass (13ms)
	initialDomainReloadingComplete (45ms)
	LoadAllAssembliesAndSetupDomain (3061ms)
		LoadAssemblies (2838ms)
		RebuildTransferFunctionScriptingTraits (0ms)
		AnalyzeDomain (359ms)
			TypeCache.Refresh (314ms)
				TypeCache.ScanAssembly (269ms)
			ScanForSourceGeneratedMonoScriptInfo (34ms)
			ResolveRequiredComponents (10ms)
	FinalizeReload (885ms)
		ReleaseScriptCaches (0ms)
		RebuildScriptCaches (0ms)
		SetupLoadedEditorAssemblies (683ms)
			LogAssemblyErrors (0ms)
			InitializePlatformSupportModulesInManaged (5ms)
			SetLoadedEditorAssemblies (6ms)
			RefreshPlugins (0ms)
			BeforeProcessingInitializeOnLoad (93ms)
			ProcessInitializeOnLoadAttributes (470ms)
			ProcessInitializeOnLoadMethodAttributes (104ms)
			AfterProcessingInitializeOnLoad (5ms)
			EditorAssembliesLoaded (0ms)
		ExecutionOrderSort2 (0ms)
		AwakeInstancesAfterBackupRestoration (7ms)
Launched and connected shader compiler UnityShaderCompiler.exe after 0.16 seconds
Refreshing native plugins compatible for Editor in 7.90 ms, found 4 plugins.
Preloading 0 native plugins for Editor in 0.00 ms.
Unloading 6009 Unused Serialized files (Serialized files now loaded: 0)
Unloading 99 unused Assets / (424.3 KB). Loaded Objects now: 6467.
Memory consumption went from 232.9 MB to 232.5 MB.
Total: 5.402600 ms (FindLiveObjects: 0.929800 ms CreateObjectMapping: 0.226900 ms MarkObjects: 3.807700 ms  DeleteObjects: 0.436400 ms)

AssetImportParameters requested are different than current active one (requested -> active):
  custom:container-demuxer-ogg: 62fdf1f143b41e24485cea50d1cbac27 -> 
  custom:video-decoder-ogg-theora: a1e56fd34408186e4bbccfd4996cb3dc -> 
  custom:framework-win-MediaFoundation: 216162199b28c13a410421893ffa2e32 -> 
  custom:CustomObjectIndexerAttribute: 62b5816608c3102f162a1797e29626cf -> 
  custom:container-demuxer-webm: 4f35f7cbe854078d1ac9338744f61a02 -> 
  custom:container-muxer-webm: aa71ff27fc2769a1b78a27578f13a17b -> 
  custom:video-decoder-webm-vp8: 9c59270c3fd7afecdb556c50c9e8de78 -> 
  custom:SearchIndexIgnoredProperties: e643bd26f0fe6173181afceb89e7c659 -> 
  custom:AudioImporter_EditorPlatform: d09bf68614088b80899f8185d706f6e7 -> 
  custom:video-encoder-webm-vp8: eb34c28f22e8b96e1ab97ce403110664 -> 
  custom:audio-decoder-ogg-vorbis: bf7c407c2cedff20999df2af8eb42d56 -> 
  custom:audio-encoder-webm-vorbis: bf7c407c2cedff20999df2af8eb42d56 -> 
========================================================================
Received Import Request.
  Time since last request: 933275.740886 seconds.
  path: Assets/ENEMYSPRITES/enemy3backmove.png
  artifactKey: Guid(3361e1706df02c7449ba8eeae30a4180) Importer(815301076,1909f56bfc062723c751e8b465ee728b)
Start importing Assets/ENEMYSPRITES/enemy3backmove.png using Guid(3361e1706df02c7449ba8eeae30a4180) Importer(815301076,1909f56bfc062723c751e8b465ee728b)  -> (artifact id: 'a4f7d5395a01bb612583896f882d6090') in 0.147962 seconds
Number of updated asset objects reloaded before import = 0
Number of asset objects unloaded after import = 2
========================================================================
Received Import Request.
  Time since last request: 0.000054 seconds.
  path: Assets/ENEMYSPRITES/enemy3backidle.png
  artifactKey: Guid(c2e2288f8304f6349a7c29579e0f696d) Importer(815301076,1909f56bfc062723c751e8b465ee728b)
Start importing Assets/ENEMYSPRITES/enemy3backidle.png using Guid(c2e2288f8304f6349a7c29579e0f696d) Importer(815301076,1909f56bfc062723c751e8b465ee728b)  -> (artifact id: 'fdd9b8f5394d850d4c245bd1175f789d') in 0.066919 seconds
Number of updated asset objects reloaded before import = 0
Number of asset objects unloaded after import = 4
========================================================================
Received Import Request.
  Time since last request: 0.000022 seconds.
  path: Assets/ENEMYSPRITES/enemy3sideidle.png
  artifactKey: Guid(2b056fe89b8e37c4d9cd84807a7160e8) Importer(815301076,1909f56bfc062723c751e8b465ee728b)
Start importing Assets/ENEMYSPRITES/enemy3sideidle.png using Guid(2b056fe89b8e37c4d9cd84807a7160e8) Importer(815301076,1909f56bfc062723c751e8b465ee728b)  -> (artifact id: 'ff8448b5a9c25e09d7f57f5a2a08b744') in 0.021980 seconds
Number of updated asset objects reloaded before import = 0
Number of asset objects unloaded after import = 3
========================================================================
Received Import Request.
  Time since last request: 0.000468 seconds.
  path: Assets/ENEMYSPRITES/enemy3rightmove.png
  artifactKey: Guid(25166fe52e501034ba4908ccd622475e) Importer(815301076,1909f56bfc062723c751e8b465ee728b)
Start importing Assets/ENEMYSPRITES/enemy3rightmove.png using Guid(25166fe52e501034ba4908ccd622475e) Importer(815301076,1909f56bfc062723c751e8b465ee728b)  -> (artifact id: '05c17046c169ddac70be9186e65ce155') in 0.025932 seconds
Number of updated asset objects reloaded before import = 0
Number of asset objects unloaded after import = 3
========================================================================
Received Import Request.
  Time since last request: 6.327286 seconds.
  path: Assets/ENEMYSPRITES/enemy3backmove.png
  artifactKey: Guid(3361e1706df02c7449ba8eeae30a4180) Importer(815301076,1909f56bfc062723c751e8b465ee728b)
Start importing Assets/ENEMYSPRITES/enemy3backmove.png using Guid(3361e1706df02c7449ba8eeae30a4180) Importer(815301076,1909f56bfc062723c751e8b465ee728b)  -> (artifact id: '5908284591491293c24ce2808bcb82b6') in 0.027670 seconds
Number of updated asset objects reloaded before import = 0
Number of asset objects unloaded after import = 8
========================================================================
Received Import Request.
  Time since last request: 12.607729 seconds.
  path: Assets/ENEMYSPRITES/enemy3frontidle.png
  artifactKey: Guid(2b43b6f345106b544b6f3c209f7e5a50) Importer(815301076,1909f56bfc062723c751e8b465ee728b)
Start importing Assets/ENEMYSPRITES/enemy3frontidle.png using Guid(2b43b6f345106b544b6f3c209f7e5a50) Importer(815301076,1909f56bfc062723c751e8b465ee728b)  -> (artifact id: 'c444c2149f4450b46fda79031638275c') in 0.019681 seconds
Number of updated asset objects reloaded before import = 0
Number of asset objects unloaded after import = 2
========================================================================
Received Import Request.
  Time since last request: 5.585339 seconds.
  path: Assets/ENEMYSPRITES/enemy3frontidle.png
  artifactKey: Guid(2b43b6f345106b544b6f3c209f7e5a50) Importer(815301076,1909f56bfc062723c751e8b465ee728b)
Start importing Assets/ENEMYSPRITES/enemy3frontidle.png using Guid(2b43b6f345106b544b6f3c209f7e5a50) Importer(815301076,1909f56bfc062723c751e8b465ee728b)  -> (artifact id: '07071c84737f99b27501358c8cea8e36') in 0.027932 seconds
Number of updated asset objects reloaded before import = 0
Number of asset objects unloaded after import = 4
========================================================================
Received Import Request.
  Time since last request: 15.999886 seconds.
  path: Assets/ENEMYSPRITES/enemy3frontmove.png
  artifactKey: Guid(ec94fe11d323f234daa29e85918ab27a) Importer(815301076,1909f56bfc062723c751e8b465ee728b)
Start importing Assets/ENEMYSPRITES/enemy3frontmove.png using Guid(ec94fe11d323f234daa29e85918ab27a) Importer(815301076,1909f56bfc062723c751e8b465ee728b)  -> (artifact id: '0b96ad86539c5d62ec1cf6a9baaa9893') in 0.026013 seconds
Number of updated asset objects reloaded before import = 0
Number of asset objects unloaded after import = 2
========================================================================
Received Import Request.
  Time since last request: 6.310103 seconds.
  path: Assets/ENEMYSPRITES/enemy3frontmove.png
  artifactKey: Guid(ec94fe11d323f234daa29e85918ab27a) Importer(815301076,1909f56bfc062723c751e8b465ee728b)
Start importing Assets/ENEMYSPRITES/enemy3frontmove.png using Guid(ec94fe11d323f234daa29e85918ab27a) Importer(815301076,1909f56bfc062723c751e8b465ee728b)  -> (artifact id: '4f8edeb58c5104184d4bdadae737ae36') in 0.134720 seconds
Number of updated asset objects reloaded before import = 0
Number of asset objects unloaded after import = 8
========================================================================
Received Import Request.
  Time since last request: 10.533896 seconds.
  path: Assets/ENEMYSPRITES/enemy3leftmove.png
  artifactKey: Guid(8c97f00a72efd5548bbc41da664061ff) Importer(815301076,1909f56bfc062723c751e8b465ee728b)
Start importing Assets/ENEMYSPRITES/enemy3leftmove.png using Guid(8c97f00a72efd5548bbc41da664061ff) Importer(815301076,1909f56bfc062723c751e8b465ee728b)  -> (artifact id: '23927a9ea8bb72ac6a101f7b8ebdc976') in 0.023787 seconds
Number of updated asset objects reloaded before import = 0
Number of asset objects unloaded after import = 2
========================================================================
Received Import Request.
  Time since last request: 4.753182 seconds.
  path: Assets/ENEMYSPRITES/enemy3leftmove.png
  artifactKey: Guid(8c97f00a72efd5548bbc41da664061ff) Importer(815301076,1909f56bfc062723c751e8b465ee728b)
Start importing Assets/ENEMYSPRITES/enemy3leftmove.png using Guid(8c97f00a72efd5548bbc41da664061ff) Importer(815301076,1909f56bfc062723c751e8b465ee728b)  -> (artifact id: '7c2195209cb913749ffa6daf905705e3') in 0.153865 seconds
Number of updated asset objects reloaded before import = 0
Number of asset objects unloaded after import = 8
========================================================================
Received Import Request.
  Time since last request: 7.155203 seconds.
  path: Assets/ENEMYSPRITES/enemy3rightmove.png
  artifactKey: Guid(25166fe52e501034ba4908ccd622475e) Importer(815301076,1909f56bfc062723c751e8b465ee728b)
Start importing Assets/ENEMYSPRITES/enemy3rightmove.png using Guid(25166fe52e501034ba4908ccd622475e) Importer(815301076,1909f56bfc062723c751e8b465ee728b)  -> (artifact id: 'a51e536a7f1dd49c4f3a72b6f1553225') in 0.033411 seconds
Number of updated asset objects reloaded before import = 0
Number of asset objects unloaded after import = 2
========================================================================
Received Import Request.
  Time since last request: 1.785452 seconds.
  path: Assets/ENEMYSPRITES/enemy3rightmove.png
  artifactKey: Guid(25166fe52e501034ba4908ccd622475e) Importer(815301076,1909f56bfc062723c751e8b465ee728b)
Start importing Assets/ENEMYSPRITES/enemy3rightmove.png using Guid(25166fe52e501034ba4908ccd622475e) Importer(815301076,1909f56bfc062723c751e8b465ee728b)  -> (artifact id: 'ffcb6c174663dfaf840e50a2db2e15ad') in 0.017791 seconds
Number of updated asset objects reloaded before import = 0
Number of asset objects unloaded after import = 2
========================================================================
Received Import Request.
  Time since last request: 4.207229 seconds.
  path: Assets/ENEMYSPRITES/enemy3rightmove.png
  artifactKey: Guid(25166fe52e501034ba4908ccd622475e) Importer(815301076,1909f56bfc062723c751e8b465ee728b)
Start importing Assets/ENEMYSPRITES/enemy3rightmove.png using Guid(25166fe52e501034ba4908ccd622475e) Importer(815301076,1909f56bfc062723c751e8b465ee728b)  -> (artifact id: 'b5c6e2a42b77ce64a092585da73b077f') in 0.025299 seconds
Number of updated asset objects reloaded before import = 0
Number of asset objects unloaded after import = 8
========================================================================
Received Import Request.
  Time since last request: 13.368459 seconds.
  path: Assets/ENEMYSPRITES/enemy3sideidle.png
  artifactKey: Guid(2b056fe89b8e37c4d9cd84807a7160e8) Importer(815301076,1909f56bfc062723c751e8b465ee728b)
Start importing Assets/ENEMYSPRITES/enemy3sideidle.png using Guid(2b056fe89b8e37c4d9cd84807a7160e8) Importer(815301076,1909f56bfc062723c751e8b465ee728b)  -> (artifact id: '5c237bcb9cbd42fdc7d9724ce553f5e8') in 0.029344 seconds
Number of updated asset objects reloaded before import = 0
Number of asset objects unloaded after import = 2
========================================================================
Received Import Request.
  Time since last request: 7.317919 seconds.
  path: Assets/ENEMYSPRITES/enemy3sideidle.png
  artifactKey: Guid(2b056fe89b8e37c4d9cd84807a7160e8) Importer(815301076,1909f56bfc062723c751e8b465ee728b)
Start importing Assets/ENEMYSPRITES/enemy3sideidle.png using Guid(2b056fe89b8e37c4d9cd84807a7160e8) Importer(815301076,1909f56bfc062723c751e8b465ee728b)  -> (artifact id: '40b82f1bbeed4b446a4ff5229faba94b') in 0.019405 seconds
Number of updated asset objects reloaded before import = 0
Number of asset objects unloaded after import = 4
